#
# There is insufficient memory for the Java Runtime Environment to continue.
# Native memory allocation (mmap) failed to map 262144 bytes for committing reserved memory.
# Possible reasons:
#   The system is out of physical RAM or swap space
#   In 32 bit mode, the process size limit was hit
# Possible solutions:
#   Reduce memory load on the system
#   Increase physical memory or swap space
#   Check if swap backing store is full
#   Use 64 bit Java on a 64 bit OS
#   Decrease Java heap size (-Xmx/-Xms)
#   Decrease number of Java threads
#   Decrease Java thread stack sizes (-Xss)
#   Set larger code cache with -XX:ReservedCodeCacheSize=
# This output file may be truncated or incomplete.
#
#  Out of Memory Error (os_linux.cpp:2671), pid=3050, tid=139924496594688
#
# JRE version: Java(TM) SE Runtime Environment (8.0_31-b13) (build 1.8.0_31-b13)
# Java VM: Java HotSpot(TM) 64-Bit Server VM (25.31-b07 mixed mode linux-amd64 compressed oops)
# Failed to write core dump. Core dumps have been disabled. To enable core dumping, try "ulimit -c unlimited" before starting Java again
#

---------------  T H R E A D  ---------------

Current thread (0x00007f42e4213000):  JavaThread "AWT-EventQueue-0" [_thread_in_vm, id=3067, stack(0x00007f42b5da3000,0x00007f42b5ea4000)]

Stack: [0x00007f42b5da3000,0x00007f42b5ea4000],  sp=0x00007f42b5ea0600,  free space=1013k
Native frames: (J=compiled Java code, j=interpreted, Vv=VM code, C=native code)
V  [libjvm.so+0xa79e0a]  VMError::report_and_die()+0x2ca
V  [libjvm.so+0x4e57bb]  report_vm_out_of_memory(char const*, int, unsigned long, VMErrorType, char const*)+0x8b
V  [libjvm.so+0x8e5a23]  os::Linux::commit_memory_impl(char*, unsigned long, bool)+0x103
V  [libjvm.so+0x8e5f79]  os::pd_commit_memory(char*, unsigned long, unsigned long, bool)+0x29
V  [libjvm.so+0x8dfc4a]  os::commit_memory(char*, unsigned long, unsigned long, bool)+0x2a
V  [libjvm.so+0xa75d39]  VirtualSpace::expand_by(unsigned long, bool)+0x1c9
V  [libjvm.so+0x8686d6]  VirtualSpaceList::expand_node_by(VirtualSpaceNode*, unsigned long, unsigned long)+0x76
V  [libjvm.so+0x86b470]  VirtualSpaceList::expand_by(unsigned long, unsigned long)+0xf0
V  [libjvm.so+0x86b603]  VirtualSpaceList::get_new_chunk(unsigned long, unsigned long, unsigned long)+0xb3
V  [libjvm.so+0x86d152]  SpaceManager::grow_and_allocate(unsigned long)+0x2d2
V  [libjvm.so+0x86d35b]  SpaceManager::allocate_work(unsigned long)+0x14b
V  [libjvm.so+0x86d3ec]  SpaceManager::allocate(unsigned long)+0x7c
V  [libjvm.so+0x86d63e]  Metaspace::allocate(ClassLoaderData*, unsigned long, bool, MetaspaceObj::Type, Thread*)+0x17e
V  [libjvm.so+0x8800d6]  MethodCounters::allocate(ClassLoaderData*, Thread*)+0x26
V  [libjvm.so+0x877f61]  Method::build_method_counters(Method*, Thread*)+0x71
V  [libjvm.so+0x65780b]  InterpreterRuntime::build_method_counters(JavaThread*, Method*)+0x2b
j  javax.swing.plaf.basic.BasicToolTipUI.<clinit>()V+0
v  ~StubRoutines::call_stub
V  [libjvm.so+0x6644b6]  JavaCalls::call_helper(JavaValue*, methodHandle*, JavaCallArguments*, Thread*)+0x1056
V  [libjvm.so+0x617a57]  InstanceKlass::call_class_initializer_impl(instanceKlassHandle, Thread*)+0xd7
V  [libjvm.so+0x61915e]  InstanceKlass::initialize_impl(instanceKlassHandle, Thread*)+0x2fe
V  [libjvm.so+0x619481]  InstanceKlass::initialize(Thread*)+0x41
V  [libjvm.so+0x6192c5]  InstanceKlass::initialize_impl(instanceKlassHandle, Thread*)+0x465
V  [libjvm.so+0x619481]  InstanceKlass::initialize(Thread*)+0x41
V  [libjvm.so+0x6dde8b]  find_class_from_class_loader(JNIEnv_*, Symbol*, unsigned char, Handle, Handle, unsigned char, Thread*)+0x7b
V  [libjvm.so+0x6e46d1]  JVM_FindClassFromCaller+0x2e1
C  [libjava.so+0xe0f0]  Java_java_lang_Class_forName0+0x130
J 1726  java.lang.Class.forName0(Ljava/lang/String;ZLjava/lang/ClassLoader;Ljava/lang/Class;)Ljava/lang/Class; (0 bytes) @ 0x00007f42d558ba74 [0x00007f42d558b980+0xf4]
J 1731 C1 java.lang.Class.forName(Ljava/lang/String;ZLjava/lang/ClassLoader;)Ljava/lang/Class; (53 bytes) @ 0x00007f42d558decd [0x00007f42d558d9e0+0x4ed]
j  javax.swing.SwingUtilities.loadSystemClass(Ljava/lang/String;)Ljava/lang/Class;+12
j  javax.swing.UIDefaults.getUIClass(Ljava/lang/String;Ljava/lang/ClassLoader;)Ljava/lang/Class;+37
j  javax.swing.UIDefaults.getUI(Ljavax/swing/JComponent;)Ljavax/swing/plaf/ComponentUI;+32
j  javax.swing.UIManager.getUI(Ljavax/swing/JComponent;)Ljavax/swing/plaf/ComponentUI;+37
j  javax.swing.JToolTip.updateUI()V+2
j  javax.swing.JToolTip.<init>()V+10
j  javax.swing.JComponent.createToolTip()Ljavax/swing/JToolTip;+4
j  javax.swing.ToolTipManager.showTipWindow()V+263
j  javax.swing.ToolTipManager$insideTimerAction.actionPerformed(Ljava/awt/event/ActionEvent;)V+113
j  javax.swing.Timer.fireActionPerformed(Ljava/awt/event/ActionEvent;)V+34
j  javax.swing.Timer$DoPostEvent.run()V+74
J 2027 C1 java.awt.event.InvocationEvent.dispatch()V (69 bytes) @ 0x00007f42d539af0a [0x00007f42d539ad00+0x20a]
J 1592 C1 java.awt.EventQueue.dispatchEventImpl(Ljava/awt/AWTEvent;Ljava/lang/Object;)V (149 bytes) @ 0x00007f42d552eb00 [0x00007f42d552d240+0x18c0]
J 1590 C1 java.awt.EventQueue$3.run()Ljava/lang/Void; (60 bytes) @ 0x00007f42d552c6b8 [0x00007f42d552c4c0+0x1f8]
J 1589 C1 java.awt.EventQueue$3.run()Ljava/lang/Object; (5 bytes) @ 0x00007f42d552c189 [0x00007f42d552c100+0x89]
v  ~StubRoutines::call_stub
V  [libjvm.so+0x6644b6]  JavaCalls::call_helper(JavaValue*, methodHandle*, JavaCallArguments*, Thread*)+0x1056
V  [libjvm.so+0x6f941c]  JVM_DoPrivileged+0x27c
J 757  java.security.AccessController.doPrivileged(Ljava/security/PrivilegedAction;Ljava/security/AccessControlContext;)Ljava/lang/Object; (0 bytes) @ 0x00007f42d52a59d5 [0x00007f42d52a5900+0xd5]
J 1431 C1 java.awt.EventQueue.dispatchEvent(Ljava/awt/AWTEvent;)V (80 bytes) @ 0x00007f42d5467e07 [0x00007f42d5467580+0x887]
J 1438 C1 java.awt.EventDispatchThread.pumpOneEventForFilters(I)V (295 bytes) @ 0x00007f42d546caf9 [0x00007f42d546b000+0x1af9]
j  java.awt.EventDispatchThread.pumpEventsForFilter(ILjava/awt/Conditional;Ljava/awt/EventFilter;)V+35
j  java.awt.EventDispatchThread.pumpEventsForHierarchy(ILjava/awt/Conditional;Ljava/awt/Component;)V+11
j  java.awt.EventDispatchThread.pumpEvents(ILjava/awt/Conditional;)V+4
j  java.awt.EventDispatchThread.pumpEvents(Ljava/awt/Conditional;)V+3
j  java.awt.EventDispatchThread.run()V+9
v  ~StubRoutines::call_stub
V  [libjvm.so+0x6644b6]  JavaCalls::call_helper(JavaValue*, methodHandle*, JavaCallArguments*, Thread*)+0x1056
V  [libjvm.so+0x6649c1]  JavaCalls::call_virtual(JavaValue*, KlassHandle, Symbol*, Symbol*, JavaCallArguments*, Thread*)+0x321
V