This is pdfTeX, Version 3.1415926-2.5-1.40.14 (MiKTeX 2.9) (preloaded format=pdflatex 2015.6.25)  15 AUG 2016 16:41
entering extended mode
**paper.tex
(C:\Users\uqiibra2\Dropbox\to_Ibrahim\kais-16_second_draft\submission\paper.tex
LaTeX2e <2011/06/27>
Babel <v3.8m> and hyphenation patterns for english, afrikaans, ancientgreek, arabic, armenian, assamese, basque, bengali
, bokmal, bulgarian, catalan, coptic, croatian, czech, danish, dutch, esperanto, estonian, farsi, finnish, french, galic
ian, german, german-x-2013-05-26, greek, gujarati, hindi, hungarian, icelandic, indonesian, interlingua, irish, italian,
 kannada, kurmanji, latin, latvian, lithuanian, malayalam, marathi, mongolian, mongolianlmc, monogreek, ngerman, ngerman
-x-2013-05-26, nynorsk, oriya, panjabi, pinyin, polish, portuguese, romanian, russian, sanskrit, serbian, slovak, sloven
ian, spanish, swedish, swissgerman, tamil, telugu, turkish, turkmen, ukenglish, ukrainian, uppersorbian, usenglishmax, w
elsh, loaded.
("C:\Program Files (x86)\MiKTeX 2.9\tex\latex\base\fix-cm.sty"
Package: fix-cm 2006/09/13 v1.1m fixes to LaTeX

("C:\Program Files (x86)\MiKTeX 2.9\tex\latex\base\ts1enc.def"
File: ts1enc.def 2001/06/05 v3.0e (jk/car/fm) Standard LaTeX file
))
(C:\Users\uqiibra2\Dropbox\to_Ibrahim\kais-16_second_draft\submission\svjour3.cls
Document Class: svjour3 2007/05/08 v3.2 
LaTeX document class for Springer journals
Class Springer-SVJour3 Info: extra/valid Springer sub-package (-> *.clo) 
(Springer-SVJour3)           not found in option list of \documentclass
(Springer-SVJour3)           - autoactivating "global" style.
(C:\Users\uqiibra2\Dropbox\to_Ibrahim\kais-16_second_draft\submission\svglov3.clo
File: svglov3.clo 2009/12/18 v3.2 style option for standardised journals

SVJour Class option: svglov3.clo for standardised journals
)
LaTeX Font Info:    Redeclaring math symbol \Gamma on input line 147.
LaTeX Font Info:    Redeclaring math symbol \Delta on input line 148.
LaTeX Font Info:    Redeclaring math symbol \Theta on input line 149.
LaTeX Font Info:    Redeclaring math symbol \Lambda on input line 150.
LaTeX Font Info:    Redeclaring math symbol \Xi on input line 151.
LaTeX Font Info:    Redeclaring math symbol \Pi on input line 152.
LaTeX Font Info:    Redeclaring math symbol \Sigma on input line 153.
LaTeX Font Info:    Redeclaring math symbol \Upsilon on input line 154.
LaTeX Font Info:    Redeclaring math symbol \Phi on input line 155.
LaTeX Font Info:    Redeclaring math symbol \Psi on input line 156.
LaTeX Font Info:    Redeclaring math symbol \Omega on input line 157.
\logodepth=\dimen102
\headerboxheight=\dimen103
\betweenumberspace=\dimen104
\aftertext=\dimen105
\headlineindent=\dimen106
\c@inst=\count79
\c@auth=\count80
\instindent=\dimen107
\authrun=\box26
\authorrunning=\toks14
\titrun=\box27
\titlerunning=\toks15
\combirun=\box28
\c@lastpage=\count81
\rubricwidth=\dimen108
\c@section=\count82
\c@subsection=\count83
\c@subsubsection=\count84
\c@paragraph=\count85
\c@subparagraph=\count86
\spthmsep=\dimen109
\c@theorem=\count87
\c@case=\count88
\c@conjecture=\count89
\c@corollary=\count90
\c@definition=\count91
\c@example=\count92
\c@exercise=\count93
\c@lemma=\count94
\c@note=\count95
\c@problem=\count96
\c@property=\count97
\c@proposition=\count98
\c@question=\count99
\c@solution=\count100
\c@remark=\count101
\c@figure=\count102
\c@table=\count103
\abovecaptionskip=\skip41
\belowcaptionskip=\skip42
\figcapgap=\dimen110
\tabcapgap=\dimen111
\figgap=\dimen112
\bibindent=\dimen113
\@tempcntc=\count104
) ("C:\Program Files (x86)\MiKTeX 2.9\tex\latex\graphics\graphicx.sty"
Package: graphicx 1999/02/16 v1.0f Enhanced LaTeX Graphics (DPC,SPQR)

("C:\Program Files (x86)\MiKTeX 2.9\tex\latex\graphics\keyval.sty"
Package: keyval 1999/03/16 v1.13 key=value parser (DPC)
\KV@toks@=\toks16
)
("C:\Program Files (x86)\MiKTeX 2.9\tex\latex\graphics\graphics.sty"
Package: graphics 2009/02/05 v1.0o Standard LaTeX Graphics (DPC,SPQR)

("C:\Program Files (x86)\MiKTeX 2.9\tex\latex\graphics\trig.sty"
Package: trig 1999/03/16 v1.09 sin cos tan (DPC)
)
("C:\Program Files (x86)\MiKTeX 2.9\tex\latex\00miktex\graphics.cfg"
File: graphics.cfg 2007/01/18 v1.5 graphics configuration of teTeX/TeXLive
)
Package graphics Info: Driver file: pdftex.def on input line 91.

("C:\Program Files (x86)\MiKTeX 2.9\tex\latex\pdftex-def\pdftex.def"
File: pdftex.def 2011/05/27 v0.06d Graphics/color for pdfTeX

("C:\Program Files (x86)\MiKTeX 2.9\tex\generic\oberdiek\infwarerr.sty"
Package: infwarerr 2010/04/08 v1.3 Providing info/warning/error messages (HO)
)
("C:\Program Files (x86)\MiKTeX 2.9\tex\generic\oberdiek\ltxcmds.sty"
Package: ltxcmds 2011/11/09 v1.22 LaTeX kernel commands for general use (HO)
)
\Gread@gobject=\count105
))
\Gin@req@height=\dimen114
\Gin@req@width=\dimen115
)
(C:\Users\uqiibra2\AppData\Roaming\MiKTeX\2.9\tex\latex\algorithm2e\algorithm2e.sty
Package: algorithm2e 2013/01/06 v5.00 algorithms environments
\c@AlgoLine=\count106

("C:\Program Files (x86)\MiKTeX 2.9\tex\latex\base\ifthen.sty"
Package: ifthen 2001/05/26 v1.1c Standard LaTeX ifthen package (DPC)
)
("C:\Program Files (x86)\MiKTeX 2.9\tex\latex\tools\xspace.sty"
Package: xspace 2009/10/20 v1.13 Space after command names (DPC,MH)
)
("C:\Program Files (x86)\MiKTeX 2.9\tex\latex\ltxmisc\relsize.sty"
Package: relsize 2003/07/04 ver 3.1


Package relsize Warning: Failed to get list of font sizes.
(relsize)                Falling back to old definition. on input line 81.

)
********************************************************
Package `algorithm2e' Release 5.0 -- january 06 2013 --
- algorithm2e-announce@lirmm.fr mailing list for announcement about releases
- algorithm2e-discussion@lirmm.fr mailing list for discussion about package
subscribe by emailing sympa@lirmm.fr with 'subscribe <list> <firstname name>'
- Author: Christophe Fiorio (cfiorio@um2.fr)
********************************************************
\skiptotal=\skip43
\skiplinenumber=\skip44
\skiprule=\skip45
\skiphlne=\skip46
\skiptext=\skip47
\skiplength=\skip48
\algomargin=\skip49
\skipalgocfslide=\skip50
\algowidth=\dimen116
\inoutsize=\dimen117
\inoutindent=\dimen118
\interspacetitleruled=\dimen119
\interspacealgoruled=\dimen120
\interspacetitleboxruled=\dimen121
\algocf@inoutbox=\box29
\algocf@inputbox=\box30
\AlCapSkip=\skip51
\AlCapHSkip=\skip52
\algoskipindent=\skip53
\algocf@nlbox=\box31
\algocf@hangingbox=\box32
\algocf@untilbox=\box33
\algocf@skipuntil=\skip54
\algocf@capbox=\box34
\algoheightruledefault=\skip55
\algoheightrule=\skip56
\algotitleheightruledefault=\skip57
\algotitleheightrule=\skip58
\c@algocfline=\count107
\c@algocfproc=\count108
\c@algocf=\count109
\algocf@algoframe=\box35
\algocf@algobox=\box36
) ("C:\Program Files (x86)\MiKTeX 2.9\tex\latex\caption\subcaption.sty"
Package: subcaption 2013/02/03 v1.1-62 Sub-captions (AR)

("C:\Program Files (x86)\MiKTeX 2.9\tex\latex\caption\caption.sty"
Package: caption 2013/05/02 v3.3-89 Customizing captions (AR)

("C:\Program Files (x86)\MiKTeX 2.9\tex\latex\caption\caption3.sty"
Package: caption3 2013/05/02 v1.6-88 caption3 kernel (AR)
Package caption3 Info: TeX engine: e-TeX on input line 57.
\captionmargin=\dimen122
\captionmargin@=\dimen123
\captionwidth=\dimen124
\caption@tempdima=\dimen125
\caption@indent=\dimen126
\caption@parindent=\dimen127
\caption@hangindent=\dimen128
Package caption Info: Unknown document class (or package),
(caption)             standard defaults will be used.
)

Package caption Warning: Unsupported document class (or package) detected,
(caption)                usage of the caption package is not recommended.
See the caption package documentation for explanation.

Package caption Info: \@makecaption = \long macro:#1#2->\captionstyle \ifx \@captype \fig@type \vskip \figcapgap \fi \se
tbox \@tempboxa \hbox {{\floatlegendstyle #1\floatcounterend }\capstrut #2}\ifdim \wd \@tempboxa >\hsize {\floatlegendst
yle #1\floatcounterend }\capstrut #2\par \else \hbox to\hsize {\leftlegendglue \unhbox \@tempboxa \hfil }\fi \ifx \@capt
ype \fig@type \else \vskip \tabcapgap \fi .
\c@ContinuedFloat=\count110
)
\c@subfigure=\count111
\c@subtable=\count112
) ("C:\Program Files (x86)\MiKTeX 2.9\tex\latex\amsmath\amsmath.sty"
Package: amsmath 2013/01/14 v2.14 AMS math features
\@mathmargin=\skip59

For additional information on amsmath, use the `?' option.
("C:\Program Files (x86)\MiKTeX 2.9\tex\latex\amsmath\amstext.sty"
Package: amstext 2000/06/29 v2.01

("C:\Program Files (x86)\MiKTeX 2.9\tex\latex\amsmath\amsgen.sty"
File: amsgen.sty 1999/11/30 v2.0
\@emptytoks=\toks17
\ex@=\dimen129
))
("C:\Program Files (x86)\MiKTeX 2.9\tex\latex\amsmath\amsbsy.sty"
Package: amsbsy 1999/11/29 v1.2d
\pmbraise@=\dimen130
)
("C:\Program Files (x86)\MiKTeX 2.9\tex\latex\amsmath\amsopn.sty"
Package: amsopn 1999/12/14 v2.01 operator names
)
\inf@bad=\count113
LaTeX Info: Redefining \frac on input line 210.
\uproot@=\count114
\leftroot@=\count115
LaTeX Info: Redefining \overline on input line 306.
\classnum@=\count116
\DOTSCASE@=\count117
LaTeX Info: Redefining \ldots on input line 378.
LaTeX Info: Redefining \dots on input line 381.
LaTeX Info: Redefining \cdots on input line 466.
\Mathstrutbox@=\box37
\strutbox@=\box38
\big@size=\dimen131
LaTeX Font Info:    Redeclaring font encoding OML on input line 566.
LaTeX Font Info:    Redeclaring font encoding OMS on input line 567.


Package amsmath Warning: Unable to redefine math accent \vec.

\macc@depth=\count118
\c@MaxMatrixCols=\count119
\dotsspace@=\muskip10
\c@parentequation=\count120
\dspbrk@lvl=\count121
\tag@help=\toks18
\row@=\count122
\column@=\count123
\maxfields@=\count124
\andhelp@=\toks19
\eqnshift@=\dimen132
\alignsep@=\dimen133
\tagshift@=\dimen134
\tagwidth@=\dimen135
\totwidth@=\dimen136
\lineht@=\dimen137
\@envbody=\toks20
\multlinegap=\skip60
\multlinetaggap=\skip61
\mathdisplay@stack=\toks21
LaTeX Info: Redefining \[ on input line 2665.
LaTeX Info: Redefining \] on input line 2666.
) ("C:\Program Files (x86)\MiKTeX 2.9\tex\latex\hyperref\hyperref.sty"
Package: hyperref 2012/11/06 v6.83m Hypertext links for LaTeX

("C:\Program Files (x86)\MiKTeX 2.9\tex\generic\oberdiek\hobsub-hyperref.sty"
Package: hobsub-hyperref 2012/04/25 v1.12 Bundle oberdiek, subset hyperref (HO)

("C:\Program Files (x86)\MiKTeX 2.9\tex\generic\oberdiek\hobsub-generic.sty"
Package: hobsub-generic 2012/04/25 v1.12 Bundle oberdiek, subset generic (HO)
Package: hobsub 2012/04/25 v1.12 Construct package bundles (HO)
Package hobsub Info: Skipping package `infwarerr' (already loaded).
Package hobsub Info: Skipping package `ltxcmds' (already loaded).
Package: ifluatex 2010/03/01 v1.3 Provides the ifluatex switch (HO)
Package ifluatex Info: LuaTeX not detected.
Package: ifvtex 2010/03/01 v1.5 Detect VTeX and its facilities (HO)
Package ifvtex Info: VTeX not detected.
Package: intcalc 2007/09/27 v1.1 Expandable calculations with integers (HO)
Package: ifpdf 2011/01/30 v2.3 Provides the ifpdf switch (HO)
Package ifpdf Info: pdfTeX in PDF mode is detected.
Package: etexcmds 2011/02/16 v1.5 Avoid name clashes with e-TeX commands (HO)
Package etexcmds Info: Could not find \expanded.
(etexcmds)             That can mean that you are not using pdfTeX 1.50 or
(etexcmds)             that some package has redefined \expanded.
(etexcmds)             In the latter case, load this package earlier.
Package: kvsetkeys 2012/04/25 v1.16 Key value parser (HO)
Package: kvdefinekeys 2011/04/07 v1.3 Define keys (HO)
Package: pdftexcmds 2011/11/29 v0.20 Utility functions of pdfTeX for LuaTeX (HO)
Package pdftexcmds Info: LuaTeX not detected.
Package pdftexcmds Info: \pdf@primitive is available.
Package pdftexcmds Info: \pdf@ifprimitive is available.
Package pdftexcmds Info: \pdfdraftmode found.
Package: pdfescape 2011/11/25 v1.13 Implements pdfTeX's escape features (HO)
Package: bigintcalc 2012/04/08 v1.3 Expandable calculations on big integers (HO)
Package: bitset 2011/01/30 v1.1 Handle bit-vector datatype (HO)
Package: uniquecounter 2011/01/30 v1.2 Provide unlimited unique counter (HO)
)
Package hobsub Info: Skipping package `hobsub' (already loaded).
Package: letltxmacro 2010/09/02 v1.4 Let assignment for LaTeX macros (HO)
Package: hopatch 2011/06/24 v1.1 Wrapper for package hooks (HO)
Package: xcolor-patch 2011/01/30 xcolor patch
Package: atveryend 2011/06/30 v1.8 Hooks at the very end of document (HO)
Package atveryend Info: \enddocument detected (standard20110627).
Package: atbegshi 2011/10/05 v1.16 At begin shipout hook (HO)
Package: refcount 2011/10/16 v3.4 Data extraction from label references (HO)
Package: hycolor 2011/01/30 v1.7 Color options for hyperref/bookmark (HO)
)
("C:\Program Files (x86)\MiKTeX 2.9\tex\generic\ifxetex\ifxetex.sty"
Package: ifxetex 2010/09/12 v0.6 Provides ifxetex conditional
)
("C:\Program Files (x86)\MiKTeX 2.9\tex\latex\oberdiek\auxhook.sty"
Package: auxhook 2011/03/04 v1.3 Hooks for auxiliary files (HO)
)
("C:\Program Files (x86)\MiKTeX 2.9\tex\latex\oberdiek\kvoptions.sty"
Package: kvoptions 2011/06/30 v3.11 Key value format for package options (HO)
)
\@linkdim=\dimen138
\Hy@linkcounter=\count125
\Hy@pagecounter=\count126

("C:\Program Files (x86)\MiKTeX 2.9\tex\latex\hyperref\pd1enc.def"
File: pd1enc.def 2012/11/06 v6.83m Hyperref: PDFDocEncoding definition (HO)
)
\Hy@SavedSpaceFactor=\count127

("C:\Program Files (x86)\MiKTeX 2.9\tex\latex\00miktex\hyperref.cfg"
File: hyperref.cfg 2002/06/06 v1.2 hyperref configuration of TeXLive
)
Package hyperref Info: Hyper figures OFF on input line 4443.
Package hyperref Info: Link nesting OFF on input line 4448.
Package hyperref Info: Hyper index ON on input line 4451.
Package hyperref Info: Plain pages OFF on input line 4458.
Package hyperref Info: Backreferencing OFF on input line 4463.
Package hyperref Info: Implicit mode ON; LaTeX internals redefined.
Package hyperref Info: Bookmarks ON on input line 4688.
\c@Hy@tempcnt=\count128

("C:\Program Files (x86)\MiKTeX 2.9\tex\latex\url\url.sty"
\Urlmuskip=\muskip11
Package: url 2013/09/16  ver 3.4  Verb mode for urls, etc.
)
LaTeX Info: Redefining \url on input line 5041.
\XeTeXLinkMargin=\dimen139
\Fld@menulength=\count129
\Field@Width=\dimen140
\Fld@charsize=\dimen141
Package hyperref Info: Hyper figures OFF on input line 6295.
Package hyperref Info: Link nesting OFF on input line 6300.
Package hyperref Info: Hyper index ON on input line 6303.
Package hyperref Info: backreferencing OFF on input line 6310.
Package hyperref Info: Link coloring OFF on input line 6315.
Package hyperref Info: Link coloring with OCG OFF on input line 6320.
Package hyperref Info: PDF/A mode OFF on input line 6325.
LaTeX Info: Redefining \ref on input line 6365.
LaTeX Info: Redefining \pageref on input line 6369.
\Hy@abspage=\count130
\c@Item=\count131
\c@Hfootnote=\count132
)

Package hyperref Message: Driver (autodetected): hpdftex.

("C:\Program Files (x86)\MiKTeX 2.9\tex\latex\hyperref\hpdftex.def"
File: hpdftex.def 2012/11/06 v6.83m Hyperref driver for pdfTeX
\Fld@listcount=\count133
\c@bookmark@seq@number=\count134

("C:\Program Files (x86)\MiKTeX 2.9\tex\latex\oberdiek\rerunfilecheck.sty"
Package: rerunfilecheck 2011/04/15 v1.7 Rerun checks for auxiliary files (HO)
Package uniquecounter Info: New unique counter `rerunfilecheck' on input line 282.
)
\Hy@SectionHShift=\skip62
)
("C:\Program Files (x86)\MiKTeX 2.9\tex\latex\graphics\color.sty"
Package: color 2005/11/14 v1.0j Standard LaTeX Color (DPC)

("C:\Program Files (x86)\MiKTeX 2.9\tex\latex\00miktex\color.cfg"
File: color.cfg 2007/01/18 v1.5 color configuration of teTeX/TeXLive
)
Package color Info: Driver file: pdftex.def on input line 130.
)
(C:\Users\uqiibra2\Dropbox\to_Ibrahim\kais-16_second_draft\submission\paper.aux)
LaTeX Font Info:    Checking defaults for OML/cmm/m/it on input line 74.
LaTeX Font Info:    ... okay on input line 74.
LaTeX Font Info:    Checking defaults for T1/cmr/m/n on input line 74.
LaTeX Font Info:    ... okay on input line 74.
LaTeX Font Info:    Checking defaults for OT1/cmr/m/n on input line 74.
LaTeX Font Info:    ... okay on input line 74.
LaTeX Font Info:    Checking defaults for OMS/cmsy/m/n on input line 74.
LaTeX Font Info:    ... okay on input line 74.
LaTeX Font Info:    Checking defaults for OMX/cmex/m/n on input line 74.
LaTeX Font Info:    ... okay on input line 74.
LaTeX Font Info:    Checking defaults for U/cmr/m/n on input line 74.
LaTeX Font Info:    ... okay on input line 74.
LaTeX Font Info:    Checking defaults for TS1/cmr/m/n on input line 74.
LaTeX Font Info:    ... okay on input line 74.
LaTeX Font Info:    Checking defaults for PD1/pdf/m/n on input line 74.
LaTeX Font Info:    ... okay on input line 74.

Unknown journal: specify \journalname{<name of your journal>} in preambel

("C:\Program Files (x86)\MiKTeX 2.9\tex\context\base\supp-pdf.mkii"
[Loading MPS to PDF converter (version 2006.09.02).]
\scratchcounter=\count135
\scratchdimen=\dimen142
\scratchbox=\box39
\nofMPsegments=\count136
\nofMParguments=\count137
\everyMPshowfont=\toks22
\MPscratchCnt=\count138
\MPscratchDim=\dimen143
\MPnumerator=\count139
\makeMPintoPDFobject=\count140
\everyMPtoPDFconversion=\toks23
)
Package caption Info: Begin \AtBeginDocument code.
Package caption Info: hyperref package is loaded.
Package caption Info: End \AtBeginDocument code.
\AtBeginShipoutBox=\box40
Package hyperref Info: Link coloring OFF on input line 74.
 ("C:\Program Files (x86)\MiKTeX 2.9\tex\latex\hyperref\nameref.sty"
Package: nameref 2012/10/27 v2.43 Cross-referencing by name of section

("C:\Program Files (x86)\MiKTeX 2.9\tex\generic\oberdiek\gettitlestring.sty"
Package: gettitlestring 2010/12/03 v1.4 Cleanup title references (HO)
)
\c@section@level=\count141
)
LaTeX Info: Redefining \ref on input line 74.
LaTeX Info: Redefining \pageref on input line 74.
LaTeX Info: Redefining \nameref on input line 74.

(C:\Users\uqiibra2\Dropbox\to_Ibrahim\kais-16_second_draft\submission\paper.out)
(C:\Users\uqiibra2\Dropbox\to_Ibrahim\kais-16_second_draft\submission\paper.out)
\@outlinefile=\write3

SVJour3 warning: Missing \journalname
(C:\Users\uqiibra2\Dropbox\to_Ibrahim\kais-16_second_draft\submission\abstract.tex [1{C:/Users/uqiibra2/AppData/Local/Mi
KTeX/2.9/pdftex/config/pdftex.map}]) (C:\Users\uqiibra2\Dropbox\to_Ibrahim\kais-16_second_draft\submission\intro2.tex
<gocard_schemaandsample.png, id=57, 703.9098pt x 264.5082pt>
File: gocard_schemaandsample.png Graphic file (type png)
 <use gocard_schemaandsample.png>
Package pdftex.def Info: gocard_schemaandsample.png used on input line 50.
(pdftex.def)             Requested size: 338.0pt x 127.00688pt.
 [2]
<table_gocard_ex.png, id=76, 402.303pt x 265.4718pt>
File: table_gocard_ex.png Graphic file (type png)
 <use table_gocard_ex.png>
Package pdftex.def Info: table_gocard_ex.png used on input line 129.
(pdftex.def)             Requested size: 152.09897pt x 100.36588pt.

<chart_gocard_ex.png, id=77, 398.4486pt x 256.3176pt>
File: chart_gocard_ex.png Graphic file (type png)
 <use chart_gocard_ex.png>
Package pdftex.def Info: chart_gocard_ex.png used on input line 134.
(pdftex.def)             Requested size: 152.09897pt x 97.84364pt.
 [3 <C:/Users/uqiibra2/Dropbox/to_Ibrahim/kais-16_second_draft/submission/gocard_schemaandsample.png>]
Missing character: There is no Â in font cmr10!
Missing character: There is no ’ in font cmr10!
 [4 <C:/Users/uqiibra2/Dropbox/to_Ibrahim/kais-16_second_draft/submission/table_gocard_ex.png> <C:/Users/uqiibra2/Dropbo
x/to_Ibrahim/kais-16_second_draft/submission/chart_gocard_ex.png>] <example.png, id=105, 866.73106pt x 272.217pt>
File: example.png Graphic file (type png)
 <use example.png>
Package pdftex.def Info: example.png used on input line 216.
(pdftex.def)             Requested size: 338.0pt x 106.15588pt.
Missing character: There is no Â in font cmr10!
Missing character: There is no ” in font cmr10!
Missing character: There is no Â in font cmr10!
Missing character: There is no ” in font cmr10!

Overfull \hbox (13.2334pt too wide) in paragraph at lines 278--281
[]\OT1/cmr/m/n/10 Designing an ef-fi-cient frame-work called \OT1/cmr/m/it/10 Re-al-time Scor-ing En-gine \OT1/cmr/m/n/1
0 ($\OML/cmm/m/it/10 RtSEngine$\OT1/cmr/m/n/10 )
 []

[5 <C:/Users/uqiibra2/Dropbox/to_Ibrahim/kais-16_second_draft/submission/example.png>]

LaTeX Warning: Reference `sec:expr' on page 6 undefined on input line 295.

) (C:\Users\uqiibra2\Dropbox\to_Ibrahim\kais-16_second_draft\submission\related.tex
Missing character: There is no â in font cmr10!
Missing character: There is no € in font cmr10!
Missing character: There is no ˜ in font cmr10!
Missing character: There is no â in font cmr10!
Missing character: There is no € in font cmr10!
Missing character: There is no ™ in font cmr10!
 [6]
Underfull \hbox (badness 10000) in paragraph at lines 27--29

 []

Missing character: There is no • in font cmr10!
Missing character: There is no • in font cmr10!

Underfull \hbox (badness 10000) in paragraph at lines 48--54

 []

[7]
Missing character: There is no “ in font cmr10!
Missing character: There is no ” in font cmr10!

Underfull \hbox (badness 10000) in paragraph at lines 81--86

 []

Missing character: There is no “ in font cmr10!
Missing character: There is no ” in font cmr10!
) (C:\Users\uqiibra2\Dropbox\to_Ibrahim\kais-16_second_draft\submission\prelim2.tex [8]
LaTeX Font Info:    Try loading font information for OMS+cmr on input line 59.

("C:\Program Files (x86)\MiKTeX 2.9\tex\latex\base\omscmr.fd"
File: omscmr.fd 1999/05/25 v2.5h Standard LaTeX font definitions
)
LaTeX Font Info:    Font shape `OMS/cmr/m/n' in size <10> not available
(Font)              Font shape `OMS/cmsy/m/n' tried instead on input line 59.
 [9])
(C:\Users\uqiibra2\Dropbox\to_Ibrahim\kais-16_second_draft\submission\method.tex [10]

Package hyperref Warning: Token not allowed in a PDF string (PDFDocEncoding):
(hyperref)                removing `math shift' on input line 1.


Package hyperref Warning: Token not allowed in a PDF string (PDFDocEncoding):
(hyperref)                removing `math shift' on input line 1.

<arch_new.png, id=225, 737.75626pt x 313.9228pt>
File: arch_new.png Graphic file (type png)
 <use arch_new.png>
Package pdftex.def Info: arch_new.png used on input line 28.
(pdftex.def)             Requested size: 338.0pt x 143.82184pt.
 [11 <C:/Users/uqiibra2/Dropbox/to_Ibrahim/kais-16_second_draft/submission/arch_new.png>]) (C:\Users\uqiibra2\Dropbox\to
_Ibrahim\kais-16_second_draft\submission\pro_est.tex
[12] [13] [14] [15] [16]
Missing character: There is no Â in font cmr10!
Missing character: There is no … in font cmr10!
 [17]) (C:\Users\uqiibra2\Dropbox\to_Ibrahim\kais-16_second_draft\submission\cost_est.tex
[18] [19]
Overfull \hbox (4.53468pt too wide) in paragraph at lines 145--156
[]\OT1/cmr/m/n/10 As men-tioned pre-vi-ously, the cost of run-ning a view $\OML/cmm/m/it/10 V[]\OT1/cmr/m/n/10 (\OML/cmm
/m/it/10 a; m; f\OT1/cmr/m/n/10 )$ on a database
 []

[20]) (C:\Users\uqiibra2\Dropbox\to_Ibrahim\kais-16_second_draft\submission\testbed.tex [21]

Package caption Warning: \label without proper \caption on input line 389.
See the caption package documentation for explanation.


LaTeX Warning: Reference `alg:prio_hist' on page 22 undefined on input line 62.

[22]) (C:\Users\uqiibra2\Dropbox\to_Ibrahim\kais-16_second_draft\submission\results.tex
(C:\Users\uqiibra2\Dropbox\to_Ibrahim\kais-16_second_draft\submission\results_aggregatefunctions.tex
<SumA2.pdf, id=420, 312.16624pt x 226.8475pt>
File: SumA2.pdf Graphic file (type pdf)
 <use SumA2.pdf>
Package pdftex.def Info: SumA2.pdf used on input line 40.
(pdftex.def)             Requested size: 108.16248pt x 78.59822pt.
 <AvgA2.pdf, id=421, 312.16624pt x 226.8475pt>
File: AvgA2.pdf Graphic file (type pdf)

<use AvgA2.pdf>
Package pdftex.def Info: AvgA2.pdf used on input line 46.
(pdftex.def)             Requested size: 108.16248pt x 78.59822pt.
 <CountA2.pdf, id=422, 312.16624pt x 226.8475pt>
File: CountA2.pdf Graphic file (type pdf)
 <use CountA2.pdf>
Package pdftex.def Info: CountA2.pdf used on input line 51.
(pdftex.def)             Requested size: 108.16248pt x 78.59822pt.
 [23]
<SumD2.pdf, id=434, 312.16624pt x 226.8475pt>
File: SumD2.pdf Graphic file (type pdf)
 <use SumD2.pdf>
Package pdftex.def Info: SumD2.pdf used on input line 60.
(pdftex.def)             Requested size: 108.16248pt x 78.59822pt.
 <AvgD2.pdf, id=435, 312.16624pt x 226.8475pt>
File: AvgD2.pdf Graphic file (type pdf)

<use AvgD2.pdf>
Package pdftex.def Info: AvgD2.pdf used on input line 66.
(pdftex.def)             Requested size: 108.16248pt x 78.59822pt.
 <CountD2.pdf, id=436, 312.16624pt x 226.8475pt>
File: CountD2.pdf Graphic file (type pdf)
 <use CountD2.pdf>
Package pdftex.def Info: CountD2.pdf used on input line 71.
(pdftex.def)             Requested size: 108.16248pt x 78.59822pt.

Overfull \hbox (14.50958pt too wide) in paragraph at lines 78--81
\OT1/cmr/m/n/10 most near to the same util-i-ties of views out-put by the top base-line $\OML/cmm/m/it/10 SeeDBbaseline$
\OT1/cmr/m/n/10 .
 []

<MaxA2.pdf, id=442, 312.16624pt x 226.8475pt>
File: MaxA2.pdf Graphic file (type pdf)
 <use MaxA2.pdf>
Package pdftex.def Info: MaxA2.pdf used on input line 86.
(pdftex.def)             Requested size: 141.95938pt x 103.16039pt.
 <MinA2.pdf, id=443, 312.16624pt x 226.8475pt>
File: MinA2.pdf Graphic file (type pdf)

<use MinA2.pdf>
Package pdftex.def Info: MinA2.pdf used on input line 92.
(pdftex.def)             Requested size: 141.95938pt x 103.16039pt.
 <MaxD2.pdf, id=444, 312.16624pt x 226.8475pt>
File: MaxD2.pdf Graphic file (type pdf)
 <use MaxD2.pdf>
Package pdftex.def Info: MaxD2.pdf used on input line 107.
(pdftex.def)             Requested size: 141.95938pt x 103.16039pt.

<MinD2.pdf, id=445, 312.16624pt x 226.8475pt>
File: MinD2.pdf Graphic file (type pdf)
 <use MinD2.pdf>
Package pdftex.def Info: MinD2.pdf used on input line 113.
(pdftex.def)             Requested size: 141.95938pt x 103.16039pt.

Underfull \vbox (badness 1210) has occurred while \output is active []

 [24 <C:/Users/uqiibra2/Dropbox/to_Ibrahim/kais-16_second_draft/submission/SumA2.pdf> <C:/Users/uqiibra2/Dropbox/to_Ibra
him/kais-16_second_draft/submission/AvgA2.pdf

pdfTeX warning: pdflatex.exe (file C:/Users/uqiibra2/Dropbox/to_Ibrahim/kais-16_second_draft/submission/AvgA2.pdf): PDF 
inclusion: multiple pdfs with page group included in a single page
> <C:/Users/uqiibra2/Dropbox/to_Ibrahim/kais-16_second_draft/submission/CountA2.pdf

pdfTeX warning: pdflatex.exe (file C:/Users/uqiibra2/Dropbox/to_Ibrahim/kais-16_second_draft/submission/CountA2.pdf): PD
F inclusion: multiple pdfs with page group included in a single page
> <C:/Users/uqiibra2/Dropbox/to_Ibrahim/kais-16_second_draft/submission/SumD2.pdf

pdfTeX warning: pdflatex.exe (file C:/Users/uqiibra2/Dropbox/to_Ibrahim/kais-16_second_draft/submission/SumD2.pdf): PDF 
inclusion: multiple pdfs with page group included in a single page
> <C:/Users/uqiibra2/Dropbox/to_Ibrahim/kais-16_second_draft/submission/AvgD2.pdf

pdfTeX warning: pdflatex.exe (file C:/Users/uqiibra2/Dropbox/to_Ibrahim/kais-16_second_draft/submission/AvgD2.pdf): PDF 
inclusion: multiple pdfs with page group included in a single page
> <C:/Users/uqiibra2/Dropbox/to_Ibrahim/kais-16_second_draft/submission/CountD2.pdf

pdfTeX warning: pdflatex.exe (file C:/Users/uqiibra2/Dropbox/to_Ibrahim/kais-16_second_draft/submission/CountD2.pdf): PD
F inclusion: multiple pdfs with page group included in a single page
>] <SumA1.pdf, id=601, 312.16624pt x 226.8475pt>
File: SumA1.pdf Graphic file (type pdf)
 <use SumA1.pdf>
Package pdftex.def Info: SumA1.pdf used on input line 151.
(pdftex.def)             Requested size: 108.16248pt x 78.59822pt.
 <AvgA1.pdf, id=602, 312.16624pt x 226.8475pt>
File: AvgA1.pdf Graphic file (type pdf)

<use AvgA1.pdf>
Package pdftex.def Info: AvgA1.pdf used on input line 157.
(pdftex.def)             Requested size: 108.16248pt x 78.59822pt.
 <CountA1.pdf, id=603, 312.16624pt x 226.8475pt>
File: CountA1.pdf Graphic file (type pdf)
 <use CountA1.pdf>
Package pdftex.def Info: CountA1.pdf used on input line 162.
(pdftex.def)             Requested size: 108.16248pt x 78.59822pt.

Underfull \vbox (badness 1622) has occurred while \output is active []

 [25 <C:/Users/uqiibra2/Dropbox/to_Ibrahim/kais-16_second_draft/submission/MaxA2.pdf> <C:/Users/uqiibra2/Dropbox/to_Ibra
him/kais-16_second_draft/submission/MinA2.pdf

pdfTeX warning: pdflatex.exe (file C:/Users/uqiibra2/Dropbox/to_Ibrahim/kais-16_second_draft/submission/MinA2.pdf): PDF 
inclusion: multiple pdfs with page group included in a single page
> <C:/Users/uqiibra2/Dropbox/to_Ibrahim/kais-16_second_draft/submission/MaxD2.pdf

pdfTeX warning: pdflatex.exe (file C:/Users/uqiibra2/Dropbox/to_Ibrahim/kais-16_second_draft/submission/MaxD2.pdf): PDF 
inclusion: multiple pdfs with page group included in a single page
> <C:/Users/uqiibra2/Dropbox/to_Ibrahim/kais-16_second_draft/submission/MinD2.pdf

pdfTeX warning: pdflatex.exe (file C:/Users/uqiibra2/Dropbox/to_Ibrahim/kais-16_second_draft/submission/MinD2.pdf): PDF 
inclusion: multiple pdfs with page group included in a single page
>] <SumD1.pdf, id=707, 312.16624pt x 226.8475pt>
File: SumD1.pdf Graphic file (type pdf)
 <use SumD1.pdf>
Package pdftex.def Info: SumD1.pdf used on input line 177.
(pdftex.def)             Requested size: 108.16248pt x 78.59822pt.
 <AvgD1.pdf, id=708, 312.16624pt x 226.8475pt>
File: AvgD1.pdf Graphic file (type pdf)

<use AvgD1.pdf>
Package pdftex.def Info: AvgD1.pdf used on input line 183.
(pdftex.def)             Requested size: 108.16248pt x 78.59822pt.

! Undefined control sequence.
<argument>  \textt 
                   {avg} 
l.184      \caption{ \textt{avg} }
                                  
The control sequence at the end of the top line
of your error message was never \def'ed. If you have
misspelled it (e.g., `\hobx'), type `I' and the correct
spelling (e.g., `I\hbox'). Otherwise just continue,
and I'll forget about whatever was undefined.

! Undefined control sequence.
<argument>  \textt 
                   {avg} 
l.184      \caption{ \textt{avg} }
                                  
The control sequence at the end of the top line
of your error message was never \def'ed. If you have
misspelled it (e.g., `\hobx'), type `I' and the correct
spelling (e.g., `I\hbox'). Otherwise just continue,
and I'll forget about whatever was undefined.

<CountD1.pdf, id=709, 312.16624pt x 226.8475pt>
File: CountD1.pdf Graphic file (type pdf)
 <use CountD1.pdf>
Package pdftex.def Info: CountD1.pdf used on input line 188.
(pdftex.def)             Requested size: 108.16248pt x 78.59822pt.
 <MaxA1.pdf, id=710, 312.16624pt x 226.8475pt>
File: MaxA1.pdf Graphic file (type pdf)

<use MaxA1.pdf>
Package pdftex.def Info: MaxA1.pdf used on input line 202.
(pdftex.def)             Requested size: 141.95938pt x 103.16039pt.
 <MinA1.pdf, id=711, 312.16624pt x 226.8475pt>
File: MinA1.pdf Graphic file (type pdf)
 <use MinA1.pdf>
Package pdftex.def Info: MinA1.pdf used on input line 208.
(pdftex.def)             Requested size: 141.95938pt x 103.16039pt.

<MaxD1.pdf, id=712, 312.16624pt x 226.8475pt>
File: MaxD1.pdf Graphic file (type pdf)
 <use MaxD1.pdf>
Package pdftex.def Info: MaxD1.pdf used on input line 222.
(pdftex.def)             Requested size: 141.95938pt x 103.16039pt.
 <MinD1.pdf, id=713, 312.16624pt x 226.8475pt>
File: MinD1.pdf Graphic file (type pdf)

<use MinD1.pdf>
Package pdftex.def Info: MinD1.pdf used on input line 228.
(pdftex.def)             Requested size: 141.95938pt x 103.16039pt.
) (C:\Users\uqiibra2\Dropbox\to_Ibrahim\kais-16_second_draft\submission\results_acc.tex
Underfull \vbox (badness 1460) has occurred while \output is active []

 [26 <C:/Users/uqiibra2/Dropbox/to_Ibrahim/kais-16_second_draft/submission/SumA1.pdf> <C:/Users/uqiibra2/Dropbox/to_Ibra
him/kais-16_second_draft/submission/AvgA1.pdf

pdfTeX warning: pdflatex.exe (file C:/Users/uqiibra2/Dropbox/to_Ibrahim/kais-16_second_draft/submission/AvgA1.pdf): PDF 
inclusion: multiple pdfs with page group included in a single page
> <C:/Users/uqiibra2/Dropbox/to_Ibrahim/kais-16_second_draft/submission/CountA1.pdf

pdfTeX warning: pdflatex.exe (file C:/Users/uqiibra2/Dropbox/to_Ibrahim/kais-16_second_draft/submission/CountA1.pdf): PD
F inclusion: multiple pdfs with page group included in a single page
> <C:/Users/uqiibra2/Dropbox/to_Ibrahim/kais-16_second_draft/submission/SumD1.pdf

pdfTeX warning: pdflatex.exe (file C:/Users/uqiibra2/Dropbox/to_Ibrahim/kais-16_second_draft/submission/SumD1.pdf): PDF 
inclusion: multiple pdfs with page group included in a single page
> <C:/Users/uqiibra2/Dropbox/to_Ibrahim/kais-16_second_draft/submission/AvgD1.pdf

pdfTeX warning: pdflatex.exe (file C:/Users/uqiibra2/Dropbox/to_Ibrahim/kais-16_second_draft/submission/AvgD1.pdf): PDF 
inclusion: multiple pdfs with page group included in a single page
> <C:/Users/uqiibra2/Dropbox/to_Ibrahim/kais-16_second_draft/submission/CountD1.pdf

pdfTeX warning: pdflatex.exe (file C:/Users/uqiibra2/Dropbox/to_Ibrahim/kais-16_second_draft/submission/CountD1.pdf): PD
F inclusion: multiple pdfs with page group included in a single page
> <C:/Users/uqiibra2/Dropbox/to_Ibrahim/kais-16_second_draft/submission/MaxA1.pdf

pdfTeX warning: pdflatex.exe (file C:/Users/uqiibra2/Dropbox/to_Ibrahim/kais-16_second_draft/submission/MaxA1.pdf): PDF 
inclusion: multiple pdfs with page group included in a single page
> <C:/Users/uqiibra2/Dropbox/to_Ibrahim/kais-16_second_draft/submission/MinA1.pdf

pdfTeX warning: pdflatex.exe (file C:/Users/uqiibra2/Dropbox/to_Ibrahim/kais-16_second_draft/submission/MinA1.pdf): PDF 
inclusion: multiple pdfs with page group included in a single page
>] <21.pdf, id=897, 312.16624pt x 226.8475pt>
File: 21.pdf Graphic file (type pdf)
 <use 21.pdf>
Package pdftex.def Info: 21.pdf used on input line 41.
(pdftex.def)             Requested size: 141.95938pt x 103.16039pt.
 <22.pdf, id=898, 312.16624pt x 226.8475pt>
File: 22.pdf Graphic file (type pdf)
 <use 22.pdf>
Package pdftex.def Info: 22.pdf used on input line 47.
(pdftex.def)             Requested size: 141.95938pt x 103.16039pt.

Overfull \hbox (16.10707pt too wide) in paragraph at lines 61--77
[]\OT1/cmr/m/n/10 Figure []13b[] re-ports the dis-tance er-ror pro-duced by al-go-rithms $\OML/cmm/m/it/10 Sela$\OT1/cmr
/m/n/10 , $\OML/cmm/m/it/10 DiffDVal$\OT1/cmr/m/n/10 ,
 []

<11.pdf, id=903, 312.16624pt x 226.8475pt>
File: 11.pdf Graphic file (type pdf)
 <use 11.pdf>
Package pdftex.def Info: 11.pdf used on input line 93.
(pdftex.def)             Requested size: 141.95938pt x 103.16039pt.
 <12.pdf, id=904, 312.16624pt x 226.8475pt>
File: 12.pdf Graphic file (type pdf)
 <use 12.pdf>
Package pdftex.def Info: 12.pdf used on input line 99.
(pdftex.def)             Requested size: 141.95938pt x 103.16039pt.
 [27 <C:/Users/uqiibra2/Dropbox/to_Ibrahim/kais-16_second_draft/submission/MaxD1.pdf> <C:/Users/uqiibra2/Dropbox/to_Ibra
him/kais-16_second_draft/submission/MinD1.pdf

pdfTeX warning: pdflatex.exe (file C:/Users/uqiibra2/Dropbox/to_Ibrahim/kais-16_second_draft/submission/MinD1.pdf): PDF 
inclusion: multiple pdfs with page group included in a single page
>]) (C:\Users\uqiibra2\Dropbox\to_Ibrahim\kais-16_second_draft\submission\results_eff.tex [28 <C:/Users/uqiibra2/Dropbox
/to_Ibrahim/kais-16_second_draft/submission/21.pdf> <C:/Users/uqiibra2/Dropbox/to_Ibrahim/kais-16_second_draft/submissio
n/22.pdf

pdfTeX warning: pdflatex.exe (file C:/Users/uqiibra2/Dropbox/to_Ibrahim/kais-16_second_draft/submission/22.pdf): PDF inc
lusion: multiple pdfs with page group included in a single page
> <C:/Users/uqiibra2/Dropbox/to_Ibrahim/kais-16_second_draft/submission/11.pdf

pdfTeX warning: pdflatex.exe (file C:/Users/uqiibra2/Dropbox/to_Ibrahim/kais-16_second_draft/submission/11.pdf): PDF inc
lusion: multiple pdfs with page group included in a single page
> <C:/Users/uqiibra2/Dropbox/to_Ibrahim/kais-16_second_draft/submission/12.pdf

pdfTeX warning: pdflatex.exe (file C:/Users/uqiibra2/Dropbox/to_Ibrahim/kais-16_second_draft/submission/12.pdf): PDF inc
lusion: multiple pdfs with page group included in a single page
>] <33.pdf, id=1057, 312.16624pt x 226.8475pt>
File: 33.pdf Graphic file (type pdf)
 <use 33.pdf>
Package pdftex.def Info: 33.pdf used on input line 32.
(pdftex.def)             Requested size: 141.95938pt x 103.16039pt.
 <34.pdf, id=1058, 312.16624pt x 226.8475pt>
File: 34.pdf Graphic file (type pdf)
 <use 34.pdf>
Package pdftex.def Info: 34.pdf used on input line 38.
(pdftex.def)             Requested size: 141.95938pt x 103.16039pt.

<31.pdf, id=1060, 312.16624pt x 226.8475pt>
File: 31.pdf Graphic file (type pdf)
 <use 31.pdf>
Package pdftex.def Info: 31.pdf used on input line 58.
(pdftex.def)             Requested size: 141.95938pt x 103.16039pt.
 <32.pdf, id=1061, 312.16624pt x 226.8475pt>
File: 32.pdf Graphic file (type pdf)
 <use 32.pdf>
Package pdftex.def Info: 32.pdf used on input line 64.
(pdftex.def)             Requested size: 141.95938pt x 103.16039pt.
)
(C:\Users\uqiibra2\Dropbox\to_Ibrahim\kais-16_second_draft\submission\results_timelimit.tex [29 <C:/Users/uqiibra2/Dropb
ox/to_Ibrahim/kais-16_second_draft/submission/33.pdf> <C:/Users/uqiibra2/Dropbox/to_Ibrahim/kais-16_second_draft/submiss
ion/34.pdf

pdfTeX warning: pdflatex.exe (file C:/Users/uqiibra2/Dropbox/to_Ibrahim/kais-16_second_draft/submission/34.pdf): PDF inc
lusion: multiple pdfs with page group included in a single page
>] [30 <C:/Users/uqiibra2/Dropbox/to_Ibrahim/kais-16_second_draft/submission/31.pdf> <C:/Users/uqiibra2/Dropbox/to_Ibrah
im/kais-16_second_draft/submission/32.pdf

pdfTeX warning: pdflatex.exe (file C:/Users/uqiibra2/Dropbox/to_Ibrahim/kais-16_second_draft/submission/32.pdf): PDF inc
lusion: multiple pdfs with page group included in a single page
>] <tl1.pdf, id=1168, 312.16624pt x 226.8475pt>
File: tl1.pdf Graphic file (type pdf)
 <use tl1.pdf>
Package pdftex.def Info: tl1.pdf used on input line 65.
(pdftex.def)             Requested size: 108.16248pt x 78.59822pt.
 <tl11.pdf, id=1169, 312.16624pt x 226.8475pt>
File: tl11.pdf Graphic file (type pdf)

<use tl11.pdf>
Package pdftex.def Info: tl11.pdf used on input line 70.
(pdftex.def)             Requested size: 108.16248pt x 78.59822pt.
 <tl2.pdf, id=1170, 312.16624pt x 226.8475pt>
File: tl2.pdf Graphic file (type pdf)
 <use tl2.pdf>
Package pdftex.def Info: tl2.pdf used on input line 76.
(pdftex.def)             Requested size: 108.16248pt x 78.59822pt.
 <tl3.pdf, id=1171, 312.16624pt x 226.8475pt>
File: tl3.pdf Graphic file (type pdf)

<use tl3.pdf>
Package pdftex.def Info: tl3.pdf used on input line 106.
(pdftex.def)             Requested size: 108.16248pt x 78.59822pt.
 <tl31.pdf, id=1172, 312.16624pt x 226.8475pt>
File: tl31.pdf Graphic file (type pdf)
 <use tl31.pdf>
Package pdftex.def Info: tl31.pdf used on input line 111.
(pdftex.def)             Requested size: 108.16248pt x 78.59822pt.
 <tl4.pdf, id=1173, 312.16624pt x 226.8475pt>
File: tl4.pdf Graphic file (type pdf)

<use tl4.pdf>
Package pdftex.def Info: tl4.pdf used on input line 117.
(pdftex.def)             Requested size: 108.16248pt x 78.59822pt.
) (C:\Users\uqiibra2\Dropbox\to_Ibrahim\kais-16_second_draft\submission\results_cost.tex
Overfull \hbox (3.1814pt too wide) in paragraph at lines 124--1
\OT1/cmr/m/n/10 the ac-cu-racy of the al-go-rithms $\OML/cmm/m/it/10 Sela$ \OT1/cmr/m/n/10 , $\OML/cmm/m/it/10 N \OMS/cm
sy/m/n/10   \OML/cmm/m/it/10 N[]$\OT1/cmr/m/n/10 , $\OML/cmm/m/it/10 DimHisto$\OT1/cmr/m/n/10 , and $\OML/cmm/m/it/10 Se
eDBTimelimit$
 []

[31 <C:/Users/uqiibra2/Dropbox/to_Ibrahim/kais-16_second_draft/submission/tl1.pdf> <C:/Users/uqiibra2/Dropbox/to_Ibrahim
/kais-16_second_draft/submission/tl11.pdf

pdfTeX warning: pdflatex.exe (file C:/Users/uqiibra2/Dropbox/to_Ibrahim/kais-16_second_draft/submission/tl11.pdf): PDF i
nclusion: multiple pdfs with page group included in a single page
> <C:/Users/uqiibra2/Dropbox/to_Ibrahim/kais-16_second_draft/submission/tl2.pdf

pdfTeX warning: pdflatex.exe (file C:/Users/uqiibra2/Dropbox/to_Ibrahim/kais-16_second_draft/submission/tl2.pdf): PDF in
clusion: multiple pdfs with page group included in a single page
> <C:/Users/uqiibra2/Dropbox/to_Ibrahim/kais-16_second_draft/submission/tl3.pdf

pdfTeX warning: pdflatex.exe (file C:/Users/uqiibra2/Dropbox/to_Ibrahim/kais-16_second_draft/submission/tl3.pdf): PDF in
clusion: multiple pdfs with page group included in a single page
> <C:/Users/uqiibra2/Dropbox/to_Ibrahim/kais-16_second_draft/submission/tl31.pdf

pdfTeX warning: pdflatex.exe (file C:/Users/uqiibra2/Dropbox/to_Ibrahim/kais-16_second_draft/submission/tl31.pdf): PDF i
nclusion: multiple pdfs with page group included in a single page
> <C:/Users/uqiibra2/Dropbox/to_Ibrahim/kais-16_second_draft/submission/tl4.pdf

pdfTeX warning: pdflatex.exe (file C:/Users/uqiibra2/Dropbox/to_Ibrahim/kais-16_second_draft/submission/tl4.pdf): PDF in
clusion: multiple pdfs with page group included in a single page
>]

LaTeX Warning: Reference `sec:' on page 32 undefined on input line 4.

<Cost11.pdf, id=1318, 312.16624pt x 226.8475pt>
File: Cost11.pdf Graphic file (type pdf)
 <use Cost11.pdf>
Package pdftex.def Info: Cost11.pdf used on input line 49.
(pdftex.def)             Requested size: 108.16248pt x 78.59822pt.
 <Cost12.pdf, id=1319, 312.16624pt x 226.8475pt>
File: Cost12.pdf Graphic file (type pdf)

<use Cost12.pdf>
Package pdftex.def Info: Cost12.pdf used on input line 54.
(pdftex.def)             Requested size: 108.16248pt x 78.59822pt.
 <Cost21.pdf, id=1320, 312.16624pt x 226.8475pt>
File: Cost21.pdf Graphic file (type pdf)
 <use Cost21.pdf>
Package pdftex.def Info: Cost21.pdf used on input line 60.
(pdftex.def)             Requested size: 108.16248pt x 78.59822pt.
 [32]))
(C:\Users\uqiibra2\Dropbox\to_Ibrahim\kais-16_second_draft\submission\conc.tex
Missing character: There is no Â in font cmr10!
Missing character: There is no ’ in font cmr10!
)
Overfull \hbox (0.66727pt too wide) in paragraph at lines 25--162
[]\OT1/cmr/m/n/10 Finally, we con-ducted com-par-a-tive ex-per-i-ments and demon-strated the qual-
 []

[33 <C:/Users/uqiibra2/Dropbox/to_Ibrahim/kais-16_second_draft/submission/Cost11.pdf> <C:/Users/uqiibra2/Dropbox/to_Ibra
him/kais-16_second_draft/submission/Cost12.pdf

pdfTeX warning: pdflatex.exe (file C:/Users/uqiibra2/Dropbox/to_Ibrahim/kais-16_second_draft/submission/Cost12.pdf): PDF
 inclusion: multiple pdfs with page group included in a single page
> <C:/Users/uqiibra2/Dropbox/to_Ibrahim/kais-16_second_draft/submission/Cost21.pdf

pdfTeX warning: pdflatex.exe (file C:/Users/uqiibra2/Dropbox/to_Ibrahim/kais-16_second_draft/submission/Cost21.pdf): PDF
 inclusion: multiple pdfs with page group included in a single page
>] (C:\Users\uqiibra2\Dropbox\to_Ibrahim\kais-16_second_draft\submission\paper.bbl [34] [35])
Package atveryend Info: Empty hook `BeforeClearDocument' on input line 220.
 [36]
Package atveryend Info: Empty hook `AfterLastShipout' on input line 220.

(C:\Users\uqiibra2\Dropbox\to_Ibrahim\kais-16_second_draft\submission\paper.aux)
Package atveryend Info: Executing hook `AtVeryEndDocument' on input line 220.
Package atveryend Info: Executing hook `AtEndAfterFileList' on input line 220.
Package rerunfilecheck Info: File `paper.out' has not changed.
(rerunfilecheck)             Checksum: D29B7CF3211044C9C06C6FB298FC2BFB;367.


LaTeX Warning: There were undefined references.

Package atveryend Info: Empty hook `AtVeryVeryEnd' on input line 220.
 ) 
Here is how much of TeX's memory you used:
 9284 strings out of 493921
 142806 string characters out of 3144867
 246260 words of memory out of 3000000
 12262 multiletter control sequences out of 15000+200000
 11431 words of font info for 41 fonts, out of 3000000 for 9000
 841 hyphenation exceptions out of 8191
 42i,17n,40p,861b,497s stack positions out of 5000i,500n,10000p,200000b,50000s
<C:/Program Files (x86)/MiKTeX 2.9/fonts/type1/public/amsfonts/cm/cmbsy10.pfb><C:/Program Files (x86)/MiKTeX 2.9/fonts
/type1/public/amsfonts/cm/cmbx10.pfb><C:/Program Files (x86)/MiKTeX 2.9/fonts/type1/public/amsfonts/cm/cmbx12.pfb><C:/Pr
ogram Files (x86)/MiKTeX 2.9/fonts/type1/public/amsfonts/cm/cmbx8.pfb><C:/Program Files (x86)/MiKTeX 2.9/fonts/type1/pub
lic/amsfonts/cm/cmbxti10.pfb><C:/Program Files (x86)/MiKTeX 2.9/fonts/type1/public/amsfonts/cm/cmex10.pfb><C:/Program Fi
les (x86)/MiKTeX 2.9/fonts/type1/public/amsfonts/cm/cmmi10.pfb><C:/Program Files (x86)/MiKTeX 2.9/fonts/type1/public/ams
fonts/cm/cmmi5.pfb><C:/Program Files (x86)/MiKTeX 2.9/fonts/type1/public/amsfonts/cm/cmmi6.pfb><C:/Program Files (x86)/M
iKTeX 2.9/fonts/type1/public/amsfonts/cm/cmmi7.pfb><C:/Program Files (x86)/MiKTeX 2.9/fonts/type1/public/amsfonts/cm/cmm
i8.pfb><C:/Program Files (x86)/MiKTeX 2.9/fonts/type1/public/amsfonts/cm/cmmib10.pfb><C:/Program Files (x86)/MiKTeX 2.9/
fonts/type1/public/amsfonts/cm/cmr10.pfb><C:/Program Files (x86)/MiKTeX 2.9/fonts/type1/public/amsfonts/cm/cmr6.pfb><C:/
Program Files (x86)/MiKTeX 2.9/fonts/type1/public/amsfonts/cm/cmr7.pfb><C:/Program Files (x86)/MiKTeX 2.9/fonts/type1/pu
blic/amsfonts/cm/cmr8.pfb><C:/Program Files (x86)/MiKTeX 2.9/fonts/type1/public/amsfonts/cm/cmsy10.pfb><C:/Program Files
 (x86)/MiKTeX 2.9/fonts/type1/public/amsfonts/cm/cmsy5.pfb><C:/Program Files (x86)/MiKTeX 2.9/fonts/type1/public/amsfont
s/cm/cmsy6.pfb><C:/Program Files (x86)/MiKTeX 2.9/fonts/type1/public/amsfonts/cm/cmsy7.pfb><C:/Program Files (x86)/MiKTe
X 2.9/fonts/type1/public/amsfonts/cm/cmsy8.pfb><C:/Program Files (x86)/MiKTeX 2.9/fonts/type1/public/amsfonts/cm/cmti10.
pfb><C:/Program Files (x86)/MiKTeX 2.9/fonts/type1/public/amsfonts/cm/cmtt10.pfb><C:/Program Files (x86)/MiKTeX 2.9/font
s/type1/public/amsfonts/cm/cmtt8.pfb>
Output written on paper.pdf (36 pages, 2187226 bytes).
PDF statistics:
 1533 PDF objects out of 1728 (max. 8388607)
 158 named destinations out of 1000 (max. 500000)
 267 words of extra memory for PDF output out of 10000 (max. 10000000)

