This is pdfTeX, Version 3.1415926-2.5-1.40.14 (MiKTeX 2.9) (preloaded format=pdflatex 2015.6.25)  9 DEC 2015 14:08
entering extended mode
**template.tex
(H:\submission\template.tex
LaTeX2e <2011/06/27>
Babel <v3.8m> and hyphenation patterns for english, afrikaans, ancientgreek, arabic, armenian, assamese, basque, bengali
, bokmal, bulgarian, catalan, coptic, croatian, czech, danish, dutch, esperanto, estonian, farsi, finnish, french, galic
ian, german, german-x-2013-05-26, greek, gujarati, hindi, hungarian, icelandic, indonesian, interlingua, irish, italian,
 kannada, kurmanji, latin, latvian, lithuanian, malayalam, marathi, mongolian, mongolianlmc, monogreek, ngerman, ngerman
-x-2013-05-26, nynorsk, oriya, panjabi, pinyin, polish, portuguese, romanian, russian, sanskrit, serbian, slovak, sloven
ian, spanish, swedish, swissgerman, tamil, telugu, turkish, turkmen, ukenglish, ukrainian, uppersorbian, usenglishmax, w
elsh, loaded.

LaTeX Warning: File `example.eps' already exists on the system.
               Not generating it from this source.

("C:\Program Files (x86)\MiKTeX 2.9\tex\latex\base\fix-cm.sty"
Package: fix-cm 2006/09/13 v1.1m fixes to LaTeX

("C:\Program Files (x86)\MiKTeX 2.9\tex\latex\base\ts1enc.def"
File: ts1enc.def 2001/06/05 v3.0e (jk/car/fm) Standard LaTeX file
)) (H:\submission\svjour3.cls
Document Class: svjour3 2007/05/08 v3.2 
LaTeX document class for Springer journals
Class Springer-SVJour3 Info: extra/valid Springer sub-package (-> *.clo) 
(Springer-SVJour3)           not found in option list of \documentclass
(Springer-SVJour3)           - autoactivating "global" style.
(H:\submission\svglov3.clo
File: svglov3.clo 2009/12/18 v3.2 style option for standardised journals

SVJour Class option: svglov3.clo for standardised journals
)
LaTeX Font Info:    Redeclaring math symbol \Gamma on input line 147.
LaTeX Font Info:    Redeclaring math symbol \Delta on input line 148.
LaTeX Font Info:    Redeclaring math symbol \Theta on input line 149.
LaTeX Font Info:    Redeclaring math symbol \Lambda on input line 150.
LaTeX Font Info:    Redeclaring math symbol \Xi on input line 151.
LaTeX Font Info:    Redeclaring math symbol \Pi on input line 152.
LaTeX Font Info:    Redeclaring math symbol \Sigma on input line 153.
LaTeX Font Info:    Redeclaring math symbol \Upsilon on input line 154.
LaTeX Font Info:    Redeclaring math symbol \Phi on input line 155.
LaTeX Font Info:    Redeclaring math symbol \Psi on input line 156.
LaTeX Font Info:    Redeclaring math symbol \Omega on input line 157.
\logodepth=\dimen102
\headerboxheight=\dimen103
\betweenumberspace=\dimen104
\aftertext=\dimen105
\headlineindent=\dimen106
\c@inst=\count79
\c@auth=\count80
\instindent=\dimen107
\authrun=\box26
\authorrunning=\toks14
\titrun=\box27
\titlerunning=\toks15
\combirun=\box28
\c@lastpage=\count81
\rubricwidth=\dimen108
\c@section=\count82
\c@subsection=\count83
\c@subsubsection=\count84
\c@paragraph=\count85
\c@subparagraph=\count86
\spthmsep=\dimen109
\c@theorem=\count87
\c@case=\count88
\c@conjecture=\count89
\c@corollary=\count90
\c@definition=\count91
\c@example=\count92
\c@exercise=\count93
\c@lemma=\count94
\c@note=\count95
\c@problem=\count96
\c@property=\count97
\c@proposition=\count98
\c@question=\count99
\c@solution=\count100
\c@remark=\count101
\c@figure=\count102
\c@table=\count103
\abovecaptionskip=\skip41
\belowcaptionskip=\skip42
\figcapgap=\dimen110
\tabcapgap=\dimen111
\figgap=\dimen112
\bibindent=\dimen113
\@tempcntc=\count104
) ("C:\Program Files (x86)\MiKTeX 2.9\tex\latex\graphics\graphicx.sty"
Package: graphicx 1999/02/16 v1.0f Enhanced LaTeX Graphics (DPC,SPQR)

("C:\Program Files (x86)\MiKTeX 2.9\tex\latex\graphics\keyval.sty"
Package: keyval 1999/03/16 v1.13 key=value parser (DPC)
\KV@toks@=\toks16
)
("C:\Program Files (x86)\MiKTeX 2.9\tex\latex\graphics\graphics.sty"
Package: graphics 2009/02/05 v1.0o Standard LaTeX Graphics (DPC,SPQR)

("C:\Program Files (x86)\MiKTeX 2.9\tex\latex\graphics\trig.sty"
Package: trig 1999/03/16 v1.09 sin cos tan (DPC)
)
("C:\Program Files (x86)\MiKTeX 2.9\tex\latex\00miktex\graphics.cfg"
File: graphics.cfg 2007/01/18 v1.5 graphics configuration of teTeX/TeXLive
)
Package graphics Info: Driver file: pdftex.def on input line 91.

("C:\Program Files (x86)\MiKTeX 2.9\tex\latex\pdftex-def\pdftex.def"
File: pdftex.def 2011/05/27 v0.06d Graphics/color for pdfTeX

("C:\Program Files (x86)\MiKTeX 2.9\tex\generic\oberdiek\infwarerr.sty"
Package: infwarerr 2010/04/08 v1.3 Providing info/warning/error messages (HO)
)
("C:\Program Files (x86)\MiKTeX 2.9\tex\generic\oberdiek\ltxcmds.sty"
Package: ltxcmds 2011/11/09 v1.22 LaTeX kernel commands for general use (HO)
)
\Gread@gobject=\count105
))
\Gin@req@height=\dimen114
\Gin@req@width=\dimen115
)
(C:\Users\uqiibra2\AppData\Roaming\MiKTeX\2.9\tex\latex\algorithm2e\algorithm2e.sty
Package: algorithm2e 2013/01/06 v5.00 algorithms environments
\c@AlgoLine=\count106

("C:\Program Files (x86)\MiKTeX 2.9\tex\latex\base\ifthen.sty"
Package: ifthen 2001/05/26 v1.1c Standard LaTeX ifthen package (DPC)
)
("C:\Program Files (x86)\MiKTeX 2.9\tex\latex\tools\xspace.sty"
Package: xspace 2009/10/20 v1.13 Space after command names (DPC,MH)
)
("C:\Program Files (x86)\MiKTeX 2.9\tex\latex\ltxmisc\relsize.sty"
Package: relsize 2003/07/04 ver 3.1


Package relsize Warning: Failed to get list of font sizes.
(relsize)                Falling back to old definition. on input line 81.

)
********************************************************
Package `algorithm2e' Release 5.0 -- january 06 2013 --
- algorithm2e-announce@lirmm.fr mailing list for announcement about releases
- algorithm2e-discussion@lirmm.fr mailing list for discussion about package
subscribe by emailing sympa@lirmm.fr with 'subscribe <list> <firstname name>'
- Author: Christophe Fiorio (cfiorio@um2.fr)
********************************************************
\skiptotal=\skip43
\skiplinenumber=\skip44
\skiprule=\skip45
\skiphlne=\skip46
\skiptext=\skip47
\skiplength=\skip48
\algomargin=\skip49
\skipalgocfslide=\skip50
\algowidth=\dimen116
\inoutsize=\dimen117
\inoutindent=\dimen118
\interspacetitleruled=\dimen119
\interspacealgoruled=\dimen120
\interspacetitleboxruled=\dimen121
\algocf@inoutbox=\box29
\algocf@inputbox=\box30
\AlCapSkip=\skip51
\AlCapHSkip=\skip52
\algoskipindent=\skip53
\algocf@nlbox=\box31
\algocf@hangingbox=\box32
\algocf@untilbox=\box33
\algocf@skipuntil=\skip54
\algocf@capbox=\box34
\algoheightruledefault=\skip55
\algoheightrule=\skip56
\algotitleheightruledefault=\skip57
\algotitleheightrule=\skip58
\c@algocfline=\count107
\c@algocfproc=\count108
\c@algocf=\count109
\algocf@algoframe=\box35
\algocf@algobox=\box36
) ("C:\Program Files (x86)\MiKTeX 2.9\tex\latex\caption\subcaption.sty"
Package: subcaption 2013/02/03 v1.1-62 Sub-captions (AR)

("C:\Program Files (x86)\MiKTeX 2.9\tex\latex\caption\caption.sty"
Package: caption 2013/05/02 v3.3-89 Customizing captions (AR)

("C:\Program Files (x86)\MiKTeX 2.9\tex\latex\caption\caption3.sty"
Package: caption3 2013/05/02 v1.6-88 caption3 kernel (AR)
Package caption3 Info: TeX engine: e-TeX on input line 57.
\captionmargin=\dimen122
\captionmargin@=\dimen123
\captionwidth=\dimen124
\caption@tempdima=\dimen125
\caption@indent=\dimen126
\caption@parindent=\dimen127
\caption@hangindent=\dimen128
Package caption Info: Unknown document class (or package),
(caption)             standard defaults will be used.
)

Package caption Warning: Unsupported document class (or package) detected,
(caption)                usage of the caption package is not recommended.
See the caption package documentation for explanation.

Package caption Info: \@makecaption = \long macro:#1#2->\captionstyle \ifx \@captype \fig@type \vskip \figcapgap \fi \se
tbox \@tempboxa \hbox {{\floatlegendstyle #1\floatcounterend }\capstrut #2}\ifdim \wd \@tempboxa >\hsize {\floatlegendst
yle #1\floatcounterend }\capstrut #2\par \else \hbox to\hsize {\leftlegendglue \unhbox \@tempboxa \hfil }\fi \ifx \@capt
ype \fig@type \else \vskip \tabcapgap \fi .
\c@ContinuedFloat=\count110
)
\c@subfigure=\count111
\c@subtable=\count112
) ("C:\Program Files (x86)\MiKTeX 2.9\tex\latex\amsmath\amsmath.sty"
Package: amsmath 2013/01/14 v2.14 AMS math features
\@mathmargin=\skip59

For additional information on amsmath, use the `?' option.
("C:\Program Files (x86)\MiKTeX 2.9\tex\latex\amsmath\amstext.sty"
Package: amstext 2000/06/29 v2.01

("C:\Program Files (x86)\MiKTeX 2.9\tex\latex\amsmath\amsgen.sty"
File: amsgen.sty 1999/11/30 v2.0
\@emptytoks=\toks17
\ex@=\dimen129
))
("C:\Program Files (x86)\MiKTeX 2.9\tex\latex\amsmath\amsbsy.sty"
Package: amsbsy 1999/11/29 v1.2d
\pmbraise@=\dimen130
)
("C:\Program Files (x86)\MiKTeX 2.9\tex\latex\amsmath\amsopn.sty"
Package: amsopn 1999/12/14 v2.01 operator names
)
\inf@bad=\count113
LaTeX Info: Redefining \frac on input line 210.
\uproot@=\count114
\leftroot@=\count115
LaTeX Info: Redefining \overline on input line 306.
\classnum@=\count116
\DOTSCASE@=\count117
LaTeX Info: Redefining \ldots on input line 378.
LaTeX Info: Redefining \dots on input line 381.
LaTeX Info: Redefining \cdots on input line 466.
\Mathstrutbox@=\box37
\strutbox@=\box38
\big@size=\dimen131
LaTeX Font Info:    Redeclaring font encoding OML on input line 566.
LaTeX Font Info:    Redeclaring font encoding OMS on input line 567.


Package amsmath Warning: Unable to redefine math accent \vec.

\macc@depth=\count118
\c@MaxMatrixCols=\count119
\dotsspace@=\muskip10
\c@parentequation=\count120
\dspbrk@lvl=\count121
\tag@help=\toks18
\row@=\count122
\column@=\count123
\maxfields@=\count124
\andhelp@=\toks19
\eqnshift@=\dimen132
\alignsep@=\dimen133
\tagshift@=\dimen134
\tagwidth@=\dimen135
\totwidth@=\dimen136
\lineht@=\dimen137
\@envbody=\toks20
\multlinegap=\skip60
\multlinetaggap=\skip61
\mathdisplay@stack=\toks21
LaTeX Info: Redefining \[ on input line 2665.
LaTeX Info: Redefining \] on input line 2666.
) ("C:\Program Files (x86)\MiKTeX 2.9\tex\latex\hyperref\hyperref.sty"
Package: hyperref 2012/11/06 v6.83m Hypertext links for LaTeX

("C:\Program Files (x86)\MiKTeX 2.9\tex\generic\oberdiek\hobsub-hyperref.sty"
Package: hobsub-hyperref 2012/04/25 v1.12 Bundle oberdiek, subset hyperref (HO)

("C:\Program Files (x86)\MiKTeX 2.9\tex\generic\oberdiek\hobsub-generic.sty"
Package: hobsub-generic 2012/04/25 v1.12 Bundle oberdiek, subset generic (HO)
Package: hobsub 2012/04/25 v1.12 Construct package bundles (HO)
Package hobsub Info: Skipping package `infwarerr' (already loaded).
Package hobsub Info: Skipping package `ltxcmds' (already loaded).
Package: ifluatex 2010/03/01 v1.3 Provides the ifluatex switch (HO)
Package ifluatex Info: LuaTeX not detected.
Package: ifvtex 2010/03/01 v1.5 Detect VTeX and its facilities (HO)
Package ifvtex Info: VTeX not detected.
Package: intcalc 2007/09/27 v1.1 Expandable calculations with integers (HO)
Package: ifpdf 2011/01/30 v2.3 Provides the ifpdf switch (HO)
Package ifpdf Info: pdfTeX in PDF mode is detected.
Package: etexcmds 2011/02/16 v1.5 Avoid name clashes with e-TeX commands (HO)
Package etexcmds Info: Could not find \expanded.
(etexcmds)             That can mean that you are not using pdfTeX 1.50 or
(etexcmds)             that some package has redefined \expanded.
(etexcmds)             In the latter case, load this package earlier.
Package: kvsetkeys 2012/04/25 v1.16 Key value parser (HO)
Package: kvdefinekeys 2011/04/07 v1.3 Define keys (HO)
Package: pdftexcmds 2011/11/29 v0.20 Utility functions of pdfTeX for LuaTeX (HO)
Package pdftexcmds Info: LuaTeX not detected.
Package pdftexcmds Info: \pdf@primitive is available.
Package pdftexcmds Info: \pdf@ifprimitive is available.
Package pdftexcmds Info: \pdfdraftmode found.
Package: pdfescape 2011/11/25 v1.13 Implements pdfTeX's escape features (HO)
Package: bigintcalc 2012/04/08 v1.3 Expandable calculations on big integers (HO)
Package: bitset 2011/01/30 v1.1 Handle bit-vector datatype (HO)
Package: uniquecounter 2011/01/30 v1.2 Provide unlimited unique counter (HO)
)
Package hobsub Info: Skipping package `hobsub' (already loaded).
Package: letltxmacro 2010/09/02 v1.4 Let assignment for LaTeX macros (HO)
Package: hopatch 2011/06/24 v1.1 Wrapper for package hooks (HO)
Package: xcolor-patch 2011/01/30 xcolor patch
Package: atveryend 2011/06/30 v1.8 Hooks at the very end of document (HO)
Package atveryend Info: \enddocument detected (standard20110627).
Package: atbegshi 2011/10/05 v1.16 At begin shipout hook (HO)
Package: refcount 2011/10/16 v3.4 Data extraction from label references (HO)
Package: hycolor 2011/01/30 v1.7 Color options for hyperref/bookmark (HO)
)
("C:\Program Files (x86)\MiKTeX 2.9\tex\generic\ifxetex\ifxetex.sty"
Package: ifxetex 2010/09/12 v0.6 Provides ifxetex conditional
)
("C:\Program Files (x86)\MiKTeX 2.9\tex\latex\oberdiek\auxhook.sty"
Package: auxhook 2011/03/04 v1.3 Hooks for auxiliary files (HO)
)
("C:\Program Files (x86)\MiKTeX 2.9\tex\latex\oberdiek\kvoptions.sty"
Package: kvoptions 2011/06/30 v3.11 Key value format for package options (HO)
)
\@linkdim=\dimen138
\Hy@linkcounter=\count125
\Hy@pagecounter=\count126

("C:\Program Files (x86)\MiKTeX 2.9\tex\latex\hyperref\pd1enc.def"
File: pd1enc.def 2012/11/06 v6.83m Hyperref: PDFDocEncoding definition (HO)
)
\Hy@SavedSpaceFactor=\count127

("C:\Program Files (x86)\MiKTeX 2.9\tex\latex\00miktex\hyperref.cfg"
File: hyperref.cfg 2002/06/06 v1.2 hyperref configuration of TeXLive
)
Package hyperref Info: Hyper figures OFF on input line 4443.
Package hyperref Info: Link nesting OFF on input line 4448.
Package hyperref Info: Hyper index ON on input line 4451.
Package hyperref Info: Plain pages OFF on input line 4458.
Package hyperref Info: Backreferencing OFF on input line 4463.
Package hyperref Info: Implicit mode ON; LaTeX internals redefined.
Package hyperref Info: Bookmarks ON on input line 4688.
\c@Hy@tempcnt=\count128

("C:\Program Files (x86)\MiKTeX 2.9\tex\latex\url\url.sty"
\Urlmuskip=\muskip11
Package: url 2013/09/16  ver 3.4  Verb mode for urls, etc.
)
LaTeX Info: Redefining \url on input line 5041.
\XeTeXLinkMargin=\dimen139
\Fld@menulength=\count129
\Field@Width=\dimen140
\Fld@charsize=\dimen141
Package hyperref Info: Hyper figures OFF on input line 6295.
Package hyperref Info: Link nesting OFF on input line 6300.
Package hyperref Info: Hyper index ON on input line 6303.
Package hyperref Info: backreferencing OFF on input line 6310.
Package hyperref Info: Link coloring OFF on input line 6315.
Package hyperref Info: Link coloring with OCG OFF on input line 6320.
Package hyperref Info: PDF/A mode OFF on input line 6325.
LaTeX Info: Redefining \ref on input line 6365.
LaTeX Info: Redefining \pageref on input line 6369.
\Hy@abspage=\count130
\c@Item=\count131
\c@Hfootnote=\count132
)

Package hyperref Message: Driver (autodetected): hpdftex.

("C:\Program Files (x86)\MiKTeX 2.9\tex\latex\hyperref\hpdftex.def"
File: hpdftex.def 2012/11/06 v6.83m Hyperref driver for pdfTeX
\Fld@listcount=\count133
\c@bookmark@seq@number=\count134

("C:\Program Files (x86)\MiKTeX 2.9\tex\latex\oberdiek\rerunfilecheck.sty"
Package: rerunfilecheck 2011/04/15 v1.7 Rerun checks for auxiliary files (HO)
Package uniquecounter Info: New unique counter `rerunfilecheck' on input line 282.
)
\Hy@SectionHShift=\skip62
) (H:\submission\template.aux)
LaTeX Font Info:    Checking defaults for OML/cmm/m/it on input line 67.
LaTeX Font Info:    ... okay on input line 67.
LaTeX Font Info:    Checking defaults for T1/cmr/m/n on input line 67.
LaTeX Font Info:    ... okay on input line 67.
LaTeX Font Info:    Checking defaults for OT1/cmr/m/n on input line 67.
LaTeX Font Info:    ... okay on input line 67.
LaTeX Font Info:    Checking defaults for OMS/cmsy/m/n on input line 67.
LaTeX Font Info:    ... okay on input line 67.
LaTeX Font Info:    Checking defaults for OMX/cmex/m/n on input line 67.
LaTeX Font Info:    ... okay on input line 67.
LaTeX Font Info:    Checking defaults for U/cmr/m/n on input line 67.
LaTeX Font Info:    ... okay on input line 67.
LaTeX Font Info:    Checking defaults for TS1/cmr/m/n on input line 67.
LaTeX Font Info:    ... okay on input line 67.
LaTeX Font Info:    Checking defaults for PD1/pdf/m/n on input line 67.
LaTeX Font Info:    ... okay on input line 67.

Unknown journal: specify \journalname{<name of your journal>} in preambel

("C:\Program Files (x86)\MiKTeX 2.9\tex\context\base\supp-pdf.mkii"
[Loading MPS to PDF converter (version 2006.09.02).]
\scratchcounter=\count135
\scratchdimen=\dimen142
\scratchbox=\box39
\nofMPsegments=\count136
\nofMParguments=\count137
\everyMPshowfont=\toks22
\MPscratchCnt=\count138
\MPscratchDim=\dimen143
\MPnumerator=\count139
\makeMPintoPDFobject=\count140
\everyMPtoPDFconversion=\toks23
)
Package caption Info: Begin \AtBeginDocument code.
Package caption Info: hyperref package is loaded.
Package caption Info: End \AtBeginDocument code.
\AtBeginShipoutBox=\box40
Package hyperref Info: Link coloring OFF on input line 67.
 ("C:\Program Files (x86)\MiKTeX 2.9\tex\latex\hyperref\nameref.sty"
Package: nameref 2012/10/27 v2.43 Cross-referencing by name of section

("C:\Program Files (x86)\MiKTeX 2.9\tex\generic\oberdiek\gettitlestring.sty"
Package: gettitlestring 2010/12/03 v1.4 Cleanup title references (HO)
)
\c@section@level=\count141
)
LaTeX Info: Redefining \ref on input line 67.
LaTeX Info: Redefining \pageref on input line 67.
LaTeX Info: Redefining \nameref on input line 67.
 (H:\submission\template.out)
(H:\submission\template.out)
\@outlinefile=\write3

SVJour3 warning: Missing \journalname
(H:\submission\abstract.tex [1{C:/Users/uqiibra2/AppData/Local/MiKTeX/2.9/pdftex/config/pdftex.map}])
(H:\submission\intro.tex [2] <figs/example.png, id=61, 866.73106pt x 272.217pt>
File: figs/example.png Graphic file (type png)
 <use figs/example.png>
Package pdftex.def Info: figs/example.png used on input line 61.
(pdftex.def)             Requested size: 338.0pt x 106.15588pt.
Missing character: There is no Â in font cmti10!
Missing character: There is no “ in font cmti10!
Missing character: There is no Â in font cmti10!
Missing character: There is no ” in font cmti10!
Missing character: There is no Â in font cmti10!
Missing character: There is no “ in font cmti10!
Missing character: There is no Â in font cmti10!
Missing character: There is no ” in font cmti10!

! Undefined control sequence.
l.69 \tbl
         {Average trip length in minutes by boarding stop}{
The control sequence at the end of the top line
of your error message was never \def'ed. If you have
misspelled it (e.g., `\hobx'), type `I' and the correct
spelling (e.g., `I\hbox'). Otherwise just continue,
and I'll forget about whatever was undefined.

Missing character: There is no Â in font cmr10!
Missing character: There is no ’ in font cmr10!
[3 <H:/submission/figs/example.png>]

Package caption Warning: \label without proper \caption on input line 81.
See the caption package documentation for explanation.


LaTeX Warning: Reference `tab:average_trip_gocard' on page 4 undefined on input line 128.

[4]
Overfull \hbox (13.2334pt too wide) in paragraph at lines 181--184
[]\OT1/cmr/m/n/10 Designing an ef-fi-cient frame-work called \OT1/cmr/m/it/10 Re-al-time Scor-ing En-gine \OT1/cmr/m/n/1
0 ($\OML/cmm/m/it/10 RtSEngine$\OT1/cmr/m/n/10 )
 []

) (H:\submission\prelim.tex [5]) (H:\submission\method.tex [6]

Package hyperref Warning: Token not allowed in a PDF string (PDFDocEncoding):
(hyperref)                removing `math shift' on input line 1.


Package hyperref Warning: Token not allowed in a PDF string (PDFDocEncoding):
(hyperref)                removing `math shift' on input line 1.

<figs/arch_new.png, id=109, 737.75626pt x 313.9228pt>
File: figs/arch_new.png Graphic file (type png)
 <use figs/arch_new.png>
Package pdftex.def Info: figs/arch_new.png used on input line 28.
(pdftex.def)             Requested size: 338.0pt x 143.82184pt.
) (H:\submission\pro_est.tex [7] [8 <H:/submission/figs/arch_new.png>] [9] [10] [11] [12]
Missing character: There is no Â in font cmr10!
Missing character: There is no … in font cmr10!
 [13]) (H:\submission\cost_est.tex [14] [15]
Overfull \hbox (4.53468pt too wide) in paragraph at lines 145--156
[]\OT1/cmr/m/n/10 As men-tioned pre-vi-ously, the cost of run-ning a view $\OML/cmm/m/it/10 V[]\OT1/cmr/m/n/10 (\OML/cmm
/m/it/10 a; m; f\OT1/cmr/m/n/10 )$ on a database
 []

[16]) (H:\submission\Exper.tex [17] (H:\submission\ExpAgg.tex
Missing character: There is no â in font cmr10!
Missing character: There is no € in font cmr10!
Missing character: There is no ” in font cmr10!

Underfull \hbox (badness 10000) in paragraph at lines 25--28

 []

[18] <figs/SumA2.pdf, id=283, 312.16624pt x 226.8475pt>
File: figs/SumA2.pdf Graphic file (type pdf)
 <use figs/SumA2.pdf>
Package pdftex.def Info: figs/SumA2.pdf used on input line 34.
(pdftex.def)             Requested size: 108.16248pt x 78.59822pt.

<figs/AvgA2.pdf, id=284, 312.16624pt x 226.8475pt>
File: figs/AvgA2.pdf Graphic file (type pdf)
 <use figs/AvgA2.pdf>
Package pdftex.def Info: figs/AvgA2.pdf used on input line 40.
(pdftex.def)             Requested size: 108.16248pt x 78.59822pt.

<figs/CountA2.pdf, id=285, 312.16624pt x 226.8475pt>
File: figs/CountA2.pdf Graphic file (type pdf)
 <use figs/CountA2.pdf>
Package pdftex.def Info: figs/CountA2.pdf used on input line 45.
(pdftex.def)             Requested size: 108.16248pt x 78.59822pt.

<figs/SumD2.pdf, id=286, 312.16624pt x 226.8475pt>
File: figs/SumD2.pdf Graphic file (type pdf)
 <use figs/SumD2.pdf>
Package pdftex.def Info: figs/SumD2.pdf used on input line 54.
(pdftex.def)             Requested size: 108.16248pt x 78.59822pt.

<figs/AvgD2.pdf, id=287, 312.16624pt x 226.8475pt>
File: figs/AvgD2.pdf Graphic file (type pdf)
 <use figs/AvgD2.pdf>
Package pdftex.def Info: figs/AvgD2.pdf used on input line 60.
(pdftex.def)             Requested size: 108.16248pt x 78.59822pt.

<figs/CountD2.pdf, id=288, 312.16624pt x 226.8475pt>
File: figs/CountD2.pdf Graphic file (type pdf)
 <use figs/CountD2.pdf>
Package pdftex.def Info: figs/CountD2.pdf used on input line 65.
(pdftex.def)             Requested size: 108.16248pt x 78.59822pt.

<figs/MaxA2.pdf, id=294, 312.16624pt x 226.8475pt>
File: figs/MaxA2.pdf Graphic file (type pdf)
 <use figs/MaxA2.pdf>
Package pdftex.def Info: figs/MaxA2.pdf used on input line 78.
(pdftex.def)             Requested size: 141.95938pt x 103.16039pt.

<figs/MinA2.pdf, id=295, 312.16624pt x 226.8475pt>
File: figs/MinA2.pdf Graphic file (type pdf)
 <use figs/MinA2.pdf>
Package pdftex.def Info: figs/MinA2.pdf used on input line 84.
(pdftex.def)             Requested size: 141.95938pt x 103.16039pt.


LaTeX Warning: `h' float specifier changed to `ht'.

<figs/MaxD2.pdf, id=296, 312.16624pt x 226.8475pt>
File: figs/MaxD2.pdf Graphic file (type pdf)
 <use figs/MaxD2.pdf>
Package pdftex.def Info: figs/MaxD2.pdf used on input line 99.
(pdftex.def)             Requested size: 141.95938pt x 103.16039pt.

<figs/MinD2.pdf, id=297, 312.16624pt x 226.8475pt>
File: figs/MinD2.pdf Graphic file (type pdf)
 <use figs/MinD2.pdf>
Package pdftex.def Info: figs/MinD2.pdf used on input line 105.
(pdftex.def)             Requested size: 141.95938pt x 103.16039pt.


LaTeX Warning: `h' float specifier changed to `ht'.


Underfull \hbox (badness 10000) in paragraph at lines 115--117

 []

[19 <H:/submission/figs/SumA2.pdf> <H:/submission/figs/AvgA2.pdf

pdfTeX warning: pdflatex.exe (file H:/submission/figs/AvgA2.pdf): PDF inclusion: multiple pdfs with page group included 
in a single page
> <H:/submission/figs/CountA2.pdf

pdfTeX warning: pdflatex.exe (file H:/submission/figs/CountA2.pdf): PDF inclusion: multiple pdfs with page group include
d in a single page
> <H:/submission/figs/SumD2.pdf

pdfTeX warning: pdflatex.exe (file H:/submission/figs/SumD2.pdf): PDF inclusion: multiple pdfs with page group included 
in a single page
> <H:/submission/figs/AvgD2.pdf

pdfTeX warning: pdflatex.exe (file H:/submission/figs/AvgD2.pdf): PDF inclusion: multiple pdfs with page group included 
in a single page
> <H:/submission/figs/CountD2.pdf

pdfTeX warning: pdflatex.exe (file H:/submission/figs/CountD2.pdf): PDF inclusion: multiple pdfs with page group include
d in a single page
>]
Missing character: There is no â in font cmr10!
Missing character: There is no € in font cmr10!
Missing character: There is no ” in font cmr10!
 [20 <H:/submission/figs/MaxA2.pdf> <H:/submission/figs/MinA2.pdf

pdfTeX warning: pdflatex.exe (file H:/submission/figs/MinA2.pdf): PDF inclusion: multiple pdfs with page group included 
in a single page
> <H:/submission/figs/MaxD2.pdf

pdfTeX warning: pdflatex.exe (file H:/submission/figs/MaxD2.pdf): PDF inclusion: multiple pdfs with page group included 
in a single page
> <H:/submission/figs/MinD2.pdf

pdfTeX warning: pdflatex.exe (file H:/submission/figs/MinD2.pdf): PDF inclusion: multiple pdfs with page group included 
in a single page
>] <figs/SumA1.pdf, id=551, 312.16624pt x 226.8475pt>
File: figs/SumA1.pdf Graphic file (type pdf)
 <use figs/SumA1.pdf>
Package pdftex.def Info: figs/SumA1.pdf used on input line 125.
(pdftex.def)             Requested size: 108.16248pt x 78.59822pt.

<figs/AvgA1.pdf, id=552, 312.16624pt x 226.8475pt>
File: figs/AvgA1.pdf Graphic file (type pdf)
 <use figs/AvgA1.pdf>
Package pdftex.def Info: figs/AvgA1.pdf used on input line 131.
(pdftex.def)             Requested size: 108.16248pt x 78.59822pt.

<figs/CountA1.pdf, id=553, 312.16624pt x 226.8475pt>
File: figs/CountA1.pdf Graphic file (type pdf)
 <use figs/CountA1.pdf>
Package pdftex.def Info: figs/CountA1.pdf used on input line 136.
(pdftex.def)             Requested size: 108.16248pt x 78.59822pt.

<figs/SumD1.pdf, id=559, 312.16624pt x 226.8475pt>
File: figs/SumD1.pdf Graphic file (type pdf)
 <use figs/SumD1.pdf>
Package pdftex.def Info: figs/SumD1.pdf used on input line 147.
(pdftex.def)             Requested size: 108.16248pt x 78.59822pt.

<figs/AvgD1.pdf, id=560, 312.16624pt x 226.8475pt>
File: figs/AvgD1.pdf Graphic file (type pdf)
 <use figs/AvgD1.pdf>
Package pdftex.def Info: figs/AvgD1.pdf used on input line 153.
(pdftex.def)             Requested size: 108.16248pt x 78.59822pt.

<figs/CountD1.pdf, id=561, 312.16624pt x 226.8475pt>
File: figs/CountD1.pdf Graphic file (type pdf)
 <use figs/CountD1.pdf>
Package pdftex.def Info: figs/CountD1.pdf used on input line 158.
(pdftex.def)             Requested size: 108.16248pt x 78.59822pt.

<figs/MaxA1.pdf, id=562, 312.16624pt x 226.8475pt>
File: figs/MaxA1.pdf Graphic file (type pdf)
 <use figs/MaxA1.pdf>
Package pdftex.def Info: figs/MaxA1.pdf used on input line 172.
(pdftex.def)             Requested size: 141.95938pt x 103.16039pt.

<figs/MinA1.pdf, id=563, 312.16624pt x 226.8475pt>
File: figs/MinA1.pdf Graphic file (type pdf)
 <use figs/MinA1.pdf>
Package pdftex.def Info: figs/MinA1.pdf used on input line 178.
(pdftex.def)             Requested size: 141.95938pt x 103.16039pt.

Underfull \hbox (badness 1603) in paragraph at lines 183--183
[]\OT1/cmr/m/n/10 Fig. 9: |Ac-cu-racy on vary-ing K for the Al-go-rithms $\OML/cmm/m/it/10 Sela$ \OT1/cmr/m/n/10 ,$\OML/
cmm/m/it/10 Diff[]Val$\OT1/cmr/m/n/10 ,
 []


LaTeX Warning: `h' float specifier changed to `ht'.

<figs/MaxD1.pdf, id=564, 312.16624pt x 226.8475pt>
File: figs/MaxD1.pdf Graphic file (type pdf)
 <use figs/MaxD1.pdf>
Package pdftex.def Info: figs/MaxD1.pdf used on input line 192.
(pdftex.def)             Requested size: 141.95938pt x 103.16039pt.

<figs/MinD1.pdf, id=565, 312.16624pt x 226.8475pt>
File: figs/MinD1.pdf Graphic file (type pdf)
 <use figs/MinD1.pdf>
Package pdftex.def Info: figs/MinD1.pdf used on input line 198.
(pdftex.def)             Requested size: 141.95938pt x 103.16039pt.


LaTeX Warning: `h' float specifier changed to `ht'.

)
! Undefined control sequence.
<recently read> \thefontsize 
                             
l.47 \thefontsize
                  \normalsize
The control sequence at the end of the top line
of your error message was never \def'ed. If you have
misspelled it (e.g., `\hobx'), type `I' and the correct
spelling (e.g., `I\hbox'). Otherwise just continue,
and I'll forget about whatever was undefined.


Underfull \vbox (badness 10000) has occurred while \output is active []

 [21 <H:/submission/figs/SumA1.pdf> <H:/submission/figs/AvgA1.pdf

pdfTeX warning: pdflatex.exe (file H:/submission/figs/AvgA1.pdf): PDF inclusion: multiple pdfs with page group included 
in a single page
> <H:/submission/figs/CountA1.pdf

pdfTeX warning: pdflatex.exe (file H:/submission/figs/CountA1.pdf): PDF inclusion: multiple pdfs with page group include
d in a single page
> <H:/submission/figs/SumD1.pdf

pdfTeX warning: pdflatex.exe (file H:/submission/figs/SumD1.pdf): PDF inclusion: multiple pdfs with page group included 
in a single page
> <H:/submission/figs/AvgD1.pdf

pdfTeX warning: pdflatex.exe (file H:/submission/figs/AvgD1.pdf): PDF inclusion: multiple pdfs with page group included 
in a single page
> <H:/submission/figs/CountD1.pdf

pdfTeX warning: pdflatex.exe (file H:/submission/figs/CountD1.pdf): PDF inclusion: multiple pdfs with page group include
d in a single page
>] [22 <H:/submission/figs/MaxA1.pdf> <H:/submission/figs/MinA1.pdf

pdfTeX warning: pdflatex.exe (file H:/submission/figs/MinA1.pdf): PDF inclusion: multiple pdfs with page group included 
in a single page
> <H:/submission/figs/MaxD1.pdf

pdfTeX warning: pdflatex.exe (file H:/submission/figs/MaxD1.pdf): PDF inclusion: multiple pdfs with page group included 
in a single page
> <H:/submission/figs/MinD1.pdf

pdfTeX warning: pdflatex.exe (file H:/submission/figs/MinD1.pdf): PDF inclusion: multiple pdfs with page group included 
in a single page
>] <figs/21.pdf, id=799, 312.16624pt x 226.8475pt>
File: figs/21.pdf Graphic file (type pdf)
 <use figs/21.pdf>
Package pdftex.def Info: figs/21.pdf used on input line 65.
(pdftex.def)             Requested size: 141.95938pt x 103.16039pt.
 <figs/22.pdf, id=800, 312.16624pt x 226.8475pt>
File: figs/22.pdf Graphic file (type pdf)

<use figs/22.pdf>
Package pdftex.def Info: figs/22.pdf used on input line 71.
(pdftex.def)             Requested size: 141.95938pt x 103.16039pt.


! LaTeX Error: There's no line here to end.

See the LaTeX manual or LaTeX Companion for explanation.
Type  H <return>  for immediate help.
 ...                                              
                                                  
l.85 \\ I
         n figure \ref{fig:figa2} shows the distance error of the results pr...
Your command was ignored.
Type  I <command> <return>  to replace it with another command,
or  <return>  to continue without it.


! LaTeX Error: There's no line here to end.

See the LaTeX manual or LaTeX Companion for explanation.
Type  H <return>  for immediate help.
 ...                                              
                                                  
l.105 \\ T
          o sum up, the proposed algorithms evaluate the
Your command was ignored.
Type  I <command> <return>  to replace it with another command,
or  <return>  to continue without it.

<figs/11.pdf, id=805, 312.16624pt x 226.8475pt>
File: figs/11.pdf Graphic file (type pdf)
 <use figs/11.pdf>
Package pdftex.def Info: figs/11.pdf used on input line 120.
(pdftex.def)             Requested size: 141.95938pt x 103.16039pt.
 <figs/12.pdf, id=806, 312.16624pt x 226.8475pt>
File: figs/12.pdf Graphic file (type pdf)

<use figs/12.pdf>
Package pdftex.def Info: figs/12.pdf used on input line 126.
(pdftex.def)             Requested size: 141.95938pt x 103.16039pt.


LaTeX Warning: `h' float specifier changed to `ht'.


! LaTeX Error: There's no line here to end.

See the LaTeX manual or LaTeX Companion for explanation.
Type  H <return>  for immediate help.
 ...                                              
                                                  
l.133  \\ I
           n figure \ref{fig:fig3} shows the accuracy of the
Your command was ignored.
Type  I <command> <return>  to replace it with another command,
or  <return>  to continue without it.

! Too many }'s.
l.134 ...Diff_DVal$, $DimsHisto$, and $SeeDB_Rnd$}
                                                   in a fixed space size $R=...
You've closed more groups than you opened.
Such booboos are generally harmless, so keep going.

[23 <H:/submission/figs/21.pdf> <H:/submission/figs/22.pdf

pdfTeX warning: pdflatex.exe (file H:/submission/figs/22.pdf): PDF inclusion: multiple pdfs with page group included in 
a single page
>]

! LaTeX Error: There's no line here to end.

See the LaTeX manual or LaTeX Companion for explanation.
Type  H <return>  for immediate help.
 ...                                              
                                                  
l.153 \\I
         n figure \ref{fig:fig4} shows the distance error  of the
Your command was ignored.
Type  I <command> <return>  to replace it with another command,
or  <return>  to continue without it.

! Too many }'s.
l.154 ...$Diff_DVal$, $DimHisto$, and $SeeDB_Rnd$}
                                                   in a fixed space size $R=...
You've closed more groups than you opened.
Such booboos are generally harmless, so keep going.


Underfull \hbox (badness 10000) in paragraph at lines 153--161

 []

[24 <H:/submission/figs/11.pdf> <H:/submission/figs/12.pdf

pdfTeX warning: pdflatex.exe (file H:/submission/figs/12.pdf): PDF inclusion: multiple pdfs with page group included in 
a single page
>] <figs/33.pdf, id=915, 312.16624pt x 226.8475pt>
File: figs/33.pdf Graphic file (type pdf)
 <use figs/33.pdf>
Package pdftex.def Info: figs/33.pdf used on input line 193.
(pdftex.def)             Requested size: 141.95938pt x 103.16039pt.

Underfull \hbox (badness 2512) in paragraph at lines 194--194
[]\OT1/cmr/m/n/8 (a) |Ex-e-cu-tion times of al-go-rithms
 []

<figs/34.pdf, id=916, 312.16624pt x 226.8475pt>
File: figs/34.pdf Graphic file (type pdf)
 <use figs/34.pdf>
Package pdftex.def Info: figs/34.pdf used on input line 199.
(pdftex.def)             Requested size: 141.95938pt x 103.16039pt.

Underfull \hbox (badness 10000) in paragraph at lines 207--214

 []

<figs/31.pdf, id=918, 312.16624pt x 226.8475pt>
File: figs/31.pdf Graphic file (type pdf)
 <use figs/31.pdf>
Package pdftex.def Info: figs/31.pdf used on input line 219.
(pdftex.def)             Requested size: 141.95938pt x 103.16039pt.
 <figs/32.pdf, id=919, 312.16624pt x 226.8475pt>
File: figs/32.pdf Graphic file (type pdf)

<use figs/32.pdf>
Package pdftex.def Info: figs/32.pdf used on input line 225.
(pdftex.def)             Requested size: 141.95938pt x 103.16039pt.
) (H:\submission\Expertl.tex

! LaTeX Error: There's no line here to end.

See the LaTeX manual or LaTeX Companion for explanation.
Type  H <return>  for immediate help.
 ...                                              
                                                  
l.6 \\ T
        he dataset used is $Flight$ database for flight delays in year 2008 ...
Your command was ignored.
Type  I <command> <return>  to replace it with another command,
or  <return>  to continue without it.


Underfull \vbox (badness 10000) has occurred while \output is active []

 [25 <H:/submission/figs/33.pdf> <H:/submission/figs/34.pdf

pdfTeX warning: pdflatex.exe (file H:/submission/figs/34.pdf): PDF inclusion: multiple pdfs with page group included in 
a single page
>] [26 <H:/submission/figs/31.pdf> <H:/submission/figs/32.pdf

pdfTeX warning: pdflatex.exe (file H:/submission/figs/32.pdf): PDF inclusion: multiple pdfs with page group included in 
a single page
>] <figs/tl1.pdf, id=1030, 312.16624pt x 226.8475pt>
File: figs/tl1.pdf Graphic file (type pdf)
 <use figs/tl1.pdf>
Package pdftex.def Info: figs/tl1.pdf used on input line 33.
(pdftex.def)             Requested size: 108.16248pt x 78.59822pt.

<figs/tl11.pdf, id=1031, 312.16624pt x 226.8475pt>
File: figs/tl11.pdf Graphic file (type pdf)
 <use figs/tl11.pdf>
Package pdftex.def Info: figs/tl11.pdf used on input line 38.
(pdftex.def)             Requested size: 108.16248pt x 78.59822pt.

<figs/tl2.pdf, id=1032, 312.16624pt x 226.8475pt>
File: figs/tl2.pdf Graphic file (type pdf)
 <use figs/tl2.pdf>
Package pdftex.def Info: figs/tl2.pdf used on input line 44.
(pdftex.def)             Requested size: 108.16248pt x 78.59822pt.
 <figs/tl3.pdf, id=1033, 312.16624pt x 226.8475pt>
File: figs/tl3.pdf Graphic file (type pdf)

<use figs/tl3.pdf>
Package pdftex.def Info: figs/tl3.pdf used on input line 74.
(pdftex.def)             Requested size: 108.16248pt x 78.59822pt.
 <figs/tl31.pdf, id=1034, 312.16624pt x 226.8475pt>
File: figs/tl31.pdf Graphic file (type pdf)
 <use figs/tl31.pdf>
Package pdftex.def Info: figs/tl31.pdf used on input line 79.
(pdftex.def)             Requested size: 108.16248pt x 78.59822pt.

<figs/tl4.pdf, id=1035, 312.16624pt x 226.8475pt>
File: figs/tl4.pdf Graphic file (type pdf)
 <use figs/tl4.pdf>
Package pdftex.def Info: figs/tl4.pdf used on input line 85.
(pdftex.def)             Requested size: 108.16248pt x 78.59822pt.


! LaTeX Error: There's no line here to end.

See the LaTeX manual or LaTeX Companion for explanation.
Type  H <return>  for immediate help.
 ...                                              
                                                  
l.92  \\I
         n figures \ref{fig:tlfig3} and \ref{fig:tlfig31} show the accuracy ...
Your command was ignored.
Type  I <command> <return>  to replace it with another command,
or  <return>  to continue without it.


! LaTeX Error: There's no line here to end.

See the LaTeX manual or LaTeX Companion for explanation.
Type  H <return>  for immediate help.
 ...                                              
                                                  
l.100 \\ T
          o sum up, the proposed algorithms improved the quality of results ...
Your command was ignored.
Type  I <command> <return>  to replace it with another command,
or  <return>  to continue without it.

) (H:\submission\related.tex
Underfull \vbox (badness 2088) has occurred while \output is active []

 [27 <H:/submission/figs/tl1.pdf> <H:/submission/figs/tl11.pdf

pdfTeX warning: pdflatex.exe (file H:/submission/figs/tl11.pdf): PDF inclusion: multiple pdfs with page group included i
n a single page
> <H:/submission/figs/tl2.pdf

pdfTeX warning: pdflatex.exe (file H:/submission/figs/tl2.pdf): PDF inclusion: multiple pdfs with page group included in
 a single page
> <H:/submission/figs/tl3.pdf

pdfTeX warning: pdflatex.exe (file H:/submission/figs/tl3.pdf): PDF inclusion: multiple pdfs with page group included in
 a single page
> <H:/submission/figs/tl31.pdf

pdfTeX warning: pdflatex.exe (file H:/submission/figs/tl31.pdf): PDF inclusion: multiple pdfs with page group included i
n a single page
> <H:/submission/figs/tl4.pdf

pdfTeX warning: pdflatex.exe (file H:/submission/figs/tl4.pdf): PDF inclusion: multiple pdfs with page group included in
 a single page
>]
Underfull \hbox (badness 10000) in paragraph at lines 23--25

 []

Missing character: There is no • in font cmr10!
Missing character: There is no • in font cmr10!
[28]
Underfull \hbox (badness 10000) in paragraph at lines 44--50

 []

Missing character: There is no “ in font cmr10!
Missing character: There is no ” in font cmr10!
[29]
Underfull \hbox (badness 10000) in paragraph at lines 77--82

 []

Missing character: There is no “ in font cmr10!
Missing character: There is no ” in font cmr10!
) (H:\submission\conc.tex
Missing character: There is no ’ in font cmr10!
) (H:\submission\template.bbl
Underfull \vbox (badness 3601) has occurred while \output is active []

 [30] [31])
Package atveryend Info: Empty hook `BeforeClearDocument' on input line 206.
 [32]
Package atveryend Info: Empty hook `AfterLastShipout' on input line 206.
 (H:\submission\template.aux)
Package atveryend Info: Executing hook `AtVeryEndDocument' on input line 206.
Package atveryend Info: Executing hook `AtEndAfterFileList' on input line 206.
Package rerunfilecheck Info: File `template.out' has not changed.
(rerunfilecheck)             Checksum: C052A67839E09015DB5FB81AB66A5A0E;330.


LaTeX Warning: There were undefined references.

Package atveryend Info: Empty hook `AtVeryVeryEnd' on input line 206.
 ) 
Here is how much of TeX's memory you used:
 9128 strings out of 493921
 138253 string characters out of 3144867
 244663 words of memory out of 3000000
 12156 multiletter control sequences out of 15000+200000
 11431 words of font info for 41 fonts, out of 3000000 for 9000
 841 hyphenation exceptions out of 8191
 42i,16n,40p,1409b,468s stack positions out of 5000i,500n,10000p,200000b,50000s
<C:/Program Files (x86)/MiKTeX 2.9/fonts/type1/public/amsfonts/cm/cmbsy10.pfb><C:/Program Files (x86)/MiKTeX 2.9/fonts
/type1/public/amsfonts/cm/cmbx10.pfb><C:/Program Files (x86)/MiKTeX 2.9/fonts/type1/public/amsfonts/cm/cmbx12.pfb><C:/Pr
ogram Files (x86)/MiKTeX 2.9/fonts/type1/public/amsfonts/cm/cmbx8.pfb><C:/Program Files (x86)/MiKTeX 2.9/fonts/type1/pub
lic/amsfonts/cm/cmbxti10.pfb><C:/Program Files (x86)/MiKTeX 2.9/fonts/type1/public/amsfonts/cm/cmex10.pfb><C:/Program Fi
les (x86)/MiKTeX 2.9/fonts/type1/public/amsfonts/cm/cmmi10.pfb><C:/Program Files (x86)/MiKTeX 2.9/fonts/type1/public/ams
fonts/cm/cmmi5.pfb><C:/Program Files (x86)/MiKTeX 2.9/fonts/type1/public/amsfonts/cm/cmmi6.pfb><C:/Program Files (x86)/M
iKTeX 2.9/fonts/type1/public/amsfonts/cm/cmmi7.pfb><C:/Program Files (x86)/MiKTeX 2.9/fonts/type1/public/amsfonts/cm/cmm
i8.pfb><C:/Program Files (x86)/MiKTeX 2.9/fonts/type1/public/amsfonts/cm/cmmib10.pfb><C:/Program Files (x86)/MiKTeX 2.9/
fonts/type1/public/amsfonts/cm/cmr10.pfb><C:/Program Files (x86)/MiKTeX 2.9/fonts/type1/public/amsfonts/cm/cmr6.pfb><C:/
Program Files (x86)/MiKTeX 2.9/fonts/type1/public/amsfonts/cm/cmr7.pfb><C:/Program Files (x86)/MiKTeX 2.9/fonts/type1/pu
blic/amsfonts/cm/cmr8.pfb><C:/Program Files (x86)/MiKTeX 2.9/fonts/type1/public/amsfonts/cm/cmsy10.pfb><C:/Program Files
 (x86)/MiKTeX 2.9/fonts/type1/public/amsfonts/cm/cmsy5.pfb><C:/Program Files (x86)/MiKTeX 2.9/fonts/type1/public/amsfont
s/cm/cmsy6.pfb><C:/Program Files (x86)/MiKTeX 2.9/fonts/type1/public/amsfonts/cm/cmsy7.pfb><C:/Program Files (x86)/MiKTe
X 2.9/fonts/type1/public/amsfonts/cm/cmsy8.pfb><C:/Program Files (x86)/MiKTeX 2.9/fonts/type1/public/amsfonts/cm/cmti10.
pfb><C:/Program Files (x86)/MiKTeX 2.9/fonts/type1/public/amsfonts/cm/cmtt10.pfb><C:/Program Files (x86)/MiKTeX 2.9/font
s/type1/public/amsfonts/cm/cmtt8.pfb>
Output written on template.pdf (32 pages, 1967936 bytes).
PDF statistics:
 1366 PDF objects out of 1440 (max. 8388607)
 130 named destinations out of 1000 (max. 500000)
 229 words of extra memory for PDF output out of 10000 (max. 10000000)

